TN:
SF:/home/ruslan/Facultad/Algo1 2017/TPI2017/TPIalgo1/salaDeReuniones_TPI/src/lib/googletest-master/googletest/include/gtest/gtest-message.h
FN:85,_ZN7testing7MessageD2Ev
FNDA:0,_ZN7testing7MessageD2Ev
FNF:1
FNH:0
DA:85,0
LF:1
LH:0
end_of_record
SF:/home/ruslan/Facultad/Algo1 2017/TPI2017/TPIalgo1/salaDeReuniones_TPI/src/lib/googletest-master/googletest/include/gtest/gtest-printers.h
FN:222,_ZN16testing_internal26DefaultPrintNonContainerToImEEvRKT_PSo
FN:222,_ZN16testing_internal26DefaultPrintNonContainerToIiEEvRKT_PSo
FN:275,_ZN7testing8internal19FormatForComparisonIiiE6FormatERKi
FN:275,_ZN7testing8internal19FormatForComparisonImmE6FormatERKm
FN:349,_ZN7testing8internal33FormatForComparisonFailureMessageIiiEESsRKT_RKT0_
FN:349,_ZN7testing8internal33FormatForComparisonFailureMessageImmEESsRKT_RKT0_
FN:442,_ZN7testing8internal14DefaultPrintToImEEvNS0_15WrapPrinterTypeILNS0_18DefaultPrinterTypeE3EEERKT_PSo
FN:442,_ZN7testing8internal14DefaultPrintToIiEEvNS0_15WrapPrinterTypeILNS0_18DefaultPrinterTypeE3EEERKT_PSo
FN:459,_ZN7testing8internal7PrintToImEEvRKT_PSo
FN:459,_ZN7testing8internal7PrintToIiEEvRKT_PSo
FN:714,_ZN7testing8internal16UniversalPrinterIiE5PrintERKiPSo
FN:714,_ZN7testing8internal16UniversalPrinterImE5PrintERKmPSo
FN:799,_ZN7testing8internal21UniversalTersePrinterIiE5PrintERKiPSo
FN:799,_ZN7testing8internal21UniversalTersePrinterImE5PrintERKmPSo
FN:868,_ZN7testing8internal14UniversalPrintImEEvRKT_PSo
FN:868,_ZN7testing8internal14UniversalPrintIiEEvRKT_PSo
FN:996,_ZN7testing13PrintToStringIiEESsRKT_
FN:996,_ZN7testing13PrintToStringImEESsRKT_
FNDA:0,_ZN16testing_internal26DefaultPrintNonContainerToIiEEvRKT_PSo
FNDA:0,_ZN16testing_internal26DefaultPrintNonContainerToImEEvRKT_PSo
FNDA:0,_ZN7testing8internal19FormatForComparisonIiiE6FormatERKi
FNDA:0,_ZN7testing8internal19FormatForComparisonImmE6FormatERKm
FNDA:0,_ZN7testing8internal33FormatForComparisonFailureMessageIiiEESsRKT_RKT0_
FNDA:0,_ZN7testing8internal33FormatForComparisonFailureMessageImmEESsRKT_RKT0_
FNDA:0,_ZN7testing8internal14DefaultPrintToIiEEvNS0_15WrapPrinterTypeILNS0_18DefaultPrinterTypeE3EEERKT_PSo
FNDA:0,_ZN7testing8internal14DefaultPrintToImEEvNS0_15WrapPrinterTypeILNS0_18DefaultPrinterTypeE3EEERKT_PSo
FNDA:0,_ZN7testing8internal7PrintToIiEEvRKT_PSo
FNDA:0,_ZN7testing8internal7PrintToImEEvRKT_PSo
FNDA:0,_ZN7testing8internal16UniversalPrinterIiE5PrintERKiPSo
FNDA:0,_ZN7testing8internal16UniversalPrinterImE5PrintERKmPSo
FNDA:0,_ZN7testing8internal21UniversalTersePrinterIiE5PrintERKiPSo
FNDA:0,_ZN7testing8internal21UniversalTersePrinterImE5PrintERKmPSo
FNDA:0,_ZN7testing8internal14UniversalPrintIiEEvRKT_PSo
FNDA:0,_ZN7testing8internal14UniversalPrintImEEvRKT_PSo
FNDA:0,_ZN7testing13PrintToStringIiEESsRKT_
FNDA:0,_ZN7testing13PrintToStringImEESsRKT_
FNF:18
FNH:0
DA:222,0
DA:249,0
DA:250,0
DA:275,0
DA:276,0
DA:349,0
DA:351,0
DA:442,0
DA:444,0
DA:445,0
DA:459,0
DA:481,0
DA:493,0
DA:494,0
DA:714,0
DA:723,0
DA:724,0
DA:799,0
DA:800,0
DA:801,0
DA:868,0
DA:872,0
DA:873,0
DA:996,0
DA:997,0
DA:998,0
DA:999,0
LF:27
LH:0
end_of_record
SF:/home/ruslan/Facultad/Algo1 2017/TPI2017/TPIalgo1/salaDeReuniones_TPI/src/lib/googletest-master/googletest/include/gtest/gtest.h
FN:256,_ZN7testing15AssertionResultD2Ev
FN:288,_ZNK7testing15AssertionResultcvbEv
FN:297,_ZNK7testing15AssertionResult7messageEv
FN:302,_ZNK7testing15AssertionResult15failure_messageEv
FN:389,_ZN7testing4Test13SetUpTestCaseEv
FN:397,_ZN7testing4Test16TearDownTestCaseEv
FN:474,_ZN7testing4Test5SetupEv
FN:1375,_ZN7testing8internal18CmpHelperEQFailureImmEENS_15AssertionResultEPKcS4_RKT_RKT0_
FN:1375,_ZN7testing8internal18CmpHelperEQFailureIiiEENS_15AssertionResultEPKcS4_RKT_RKT0_
FN:1387,_ZN7testing8internal11CmpHelperEQIiiEENS_15AssertionResultEPKcS4_RKT_RKT0_
FN:1387,_ZN7testing8internal11CmpHelperEQImmEENS_15AssertionResultEPKcS4_RKT_RKT0_
FN:1417,_ZN7testing8internal8EqHelperILb0EE7CompareImmEENS_15AssertionResultEPKcS6_RKT_RKT0_
FN:1417,_ZN7testing8internal8EqHelperILb0EE7CompareIiiEENS_15AssertionResultEPKcS6_RKT_RKT0_
FNDA:0,_ZN7testing15AssertionResultD2Ev
FNDA:0,_ZNK7testing15AssertionResultcvbEv
FNDA:0,_ZNK7testing15AssertionResult7messageEv
FNDA:0,_ZNK7testing15AssertionResult15failure_messageEv
FNDA:0,_ZN7testing4Test13SetUpTestCaseEv
FNDA:0,_ZN7testing4Test16TearDownTestCaseEv
FNDA:0,_ZN7testing4Test5SetupEv
FNDA:0,_ZN7testing8internal18CmpHelperEQFailureIiiEENS_15AssertionResultEPKcS4_RKT_RKT0_
FNDA:0,_ZN7testing8internal18CmpHelperEQFailureImmEENS_15AssertionResultEPKcS4_RKT_RKT0_
FNDA:0,_ZN7testing8internal11CmpHelperEQIiiEENS_15AssertionResultEPKcS4_RKT_RKT0_
FNDA:0,_ZN7testing8internal11CmpHelperEQImmEENS_15AssertionResultEPKcS4_RKT_RKT0_
FNDA:0,_ZN7testing8internal8EqHelperILb0EE7CompareIiiEENS_15AssertionResultEPKcS6_RKT_RKT0_
FNDA:0,_ZN7testing8internal8EqHelperILb0EE7CompareImmEENS_15AssertionResultEPKcS6_RKT_RKT0_
FNF:13
FNH:0
DA:256,0
DA:288,0
DA:297,0
DA:298,0
DA:302,0
DA:389,0
DA:397,0
DA:474,0
DA:1375,0
DA:1382,0
DA:1387,0
DA:1392,0
DA:1393,0
DA:1397,0
DA:1417,0
DA:1421,0
LF:16
LH:0
end_of_record
SF:/home/ruslan/Facultad/Algo1 2017/TPI2017/TPIalgo1/salaDeReuniones_TPI/src/lib/googletest-master/googletest/include/gtest/internal/gtest-internal.h
FN:466,_ZN7testing8internal15TestFactoryBaseD0Ev
FN:466,_ZN7testing8internal15TestFactoryBaseD2Ev
FN:473,_ZN7testing8internal15TestFactoryBaseC2Ev
FN:482,_ZN7testing8internal15TestFactoryImplI33flashElPerezosoTEST_sample02_TestED0Ev
FN:482,_ZN7testing8internal15TestFactoryImplI33flashElPerezosoTEST_sample02_TestEC2Ev
FN:482,_ZN7testing8internal15TestFactoryImplI33flashElPerezosoTEST_sample01_TestEC2Ev
FN:482,_ZN7testing8internal15TestFactoryImplI33flashElPerezosoTEST_sample01_TestED0Ev
FN:482,_ZN7testing8internal15TestFactoryImplI33flashElPerezosoTEST_sample02_TestED2Ev
FN:482,_ZN7testing8internal15TestFactoryImplI33flashElPerezosoTEST_sample01_TestED2Ev
FN:484,_ZN7testing8internal15TestFactoryImplI33flashElPerezosoTEST_sample02_TestE10CreateTestEv
FN:484,_ZN7testing8internal15TestFactoryImplI33flashElPerezosoTEST_sample01_TestE10CreateTestEv
FN:504,_ZN7testing8internal12CodeLocationD2Ev
FN:505,_ZN7testing8internal12CodeLocationC2ERKSsi
FNDA:0,_ZN7testing8internal15TestFactoryBaseD0Ev
FNDA:0,_ZN7testing8internal15TestFactoryBaseD2Ev
FNDA:0,_ZN7testing8internal15TestFactoryBaseC2Ev
FNDA:2,_ZN7testing8internal15TestFactoryImplI33flashElPerezosoTEST_sample01_TestED0Ev
FNDA:2,_ZN7testing8internal15TestFactoryImplI33flashElPerezosoTEST_sample01_TestED2Ev
FNDA:2,_ZN7testing8internal15TestFactoryImplI33flashElPerezosoTEST_sample02_TestED0Ev
FNDA:2,_ZN7testing8internal15TestFactoryImplI33flashElPerezosoTEST_sample02_TestED2Ev
FNDA:2,_ZN7testing8internal15TestFactoryImplI33flashElPerezosoTEST_sample02_TestEC2Ev
FNDA:2,_ZN7testing8internal15TestFactoryImplI33flashElPerezosoTEST_sample01_TestEC2Ev
FNDA:2,_ZN7testing8internal15TestFactoryImplI33flashElPerezosoTEST_sample01_TestE10CreateTestEv
FNDA:2,_ZN7testing8internal15TestFactoryImplI33flashElPerezosoTEST_sample02_TestE10CreateTestEv
FNDA:0,_ZN7testing8internal12CodeLocationD2Ev
FNDA:0,_ZN7testing8internal12CodeLocationC2ERKSsi
FNF:13
FNH:8
DA:466,0
DA:473,0
DA:482,12
DA:484,4
DA:504,0
DA:505,0
DA:506,0
LF:7
LH:2
end_of_record
SF:/home/ruslan/Facultad/Algo1 2017/TPI2017/TPIalgo1/salaDeReuniones_TPI/src/lib/googletest-master/googletest/include/gtest/internal/gtest-port.h
FN:1157,_ZN7testing8internal10scoped_ptrISt18basic_stringstreamIcSt11char_traitsIcESaIcEEED2Ev
FN:1157,_ZN7testing8internal10scoped_ptrISsED2Ev
FN:1160,_ZNK7testing8internal10scoped_ptrISsEptEv
FN:1161,_ZNK7testing8internal10scoped_ptrISsE3getEv
FN:1169,_ZN7testing8internal10scoped_ptrISt18basic_stringstreamIcSt11char_traitsIcESaIcEEE5resetEPS6_
FN:1169,_ZN7testing8internal10scoped_ptrISsE5resetEPSs
FNDA:0,_ZN7testing8internal10scoped_ptrISsED2Ev
FNDA:0,_ZN7testing8internal10scoped_ptrISt18basic_stringstreamIcSt11char_traitsIcESaIcEEED2Ev
FNDA:0,_ZNK7testing8internal10scoped_ptrISsEptEv
FNDA:0,_ZNK7testing8internal10scoped_ptrISsE3getEv
FNDA:0,_ZN7testing8internal10scoped_ptrISt18basic_stringstreamIcSt11char_traitsIcESaIcEEE5resetEPS6_
FNDA:0,_ZN7testing8internal10scoped_ptrISsE5resetEPSs
FNF:6
FNH:0
DA:1157,0
DA:1160,0
DA:1161,0
DA:1169,0
DA:1170,0
DA:1171,0
DA:1172,0
DA:1174,0
DA:1176,0
LF:9
LH:0
end_of_record
SF:/home/ruslan/Facultad/Algo1 2017/TPI2017/TPIalgo1/salaDeReuniones_TPI/src/tests/flashElPerezosoTEST.cpp
FN:7,_Z41__static_initialization_and_destruction_0ii
FN:7,_ZN33flashElPerezosoTEST_sample01_TestD0Ev
FN:7,_ZN33flashElPerezosoTEST_sample01_Test8TestBodyEv
FN:7,_ZN33flashElPerezosoTEST_sample01_TestC2Ev
FN:7,_ZN33flashElPerezosoTEST_sample01_TestD2Ev
FN:34,_ZN33flashElPerezosoTEST_sample02_TestD0Ev
FN:34,_ZN33flashElPerezosoTEST_sample02_Test8TestBodyEv
FN:34,_ZN33flashElPerezosoTEST_sample02_TestD2Ev
FN:34,_ZN33flashElPerezosoTEST_sample02_TestC2Ev
FN:61,_GLOBAL__sub_I__ZN33flashElPerezosoTEST_sample01_Test10test_info_E
FNDA:2,_ZN33flashElPerezosoTEST_sample01_TestD0Ev
FNDA:2,_ZN33flashElPerezosoTEST_sample01_TestD2Ev
FNDA:2,_ZN33flashElPerezosoTEST_sample01_Test8TestBodyEv
FNDA:2,_ZN33flashElPerezosoTEST_sample01_TestC2Ev
FNDA:2,_ZN33flashElPerezosoTEST_sample02_TestD0Ev
FNDA:2,_ZN33flashElPerezosoTEST_sample02_TestD2Ev
FNDA:2,_ZN33flashElPerezosoTEST_sample02_Test8TestBodyEv
FNDA:2,_ZN33flashElPerezosoTEST_sample02_TestC2Ev
FNDA:2,_GLOBAL__sub_I__ZN33flashElPerezosoTEST_sample01_Test10test_info_E
FNDA:2,_Z41__static_initialization_and_destruction_0ii
FNF:10
FNH:10
DA:7,10
DA:8,2
DA:9,2
DA:13,2
DA:18,4
DA:20,4
DA:22,2
DA:24,6
DA:26,4
DA:28,48
DA:29,44
DA:31,2
DA:34,10
DA:35,2
DA:36,2
DA:41,2
DA:47,4
DA:49,4
DA:51,2
DA:53,8
DA:55,6
DA:57,72
DA:58,66
DA:60,2
DA:61,6
LF:25
LH:25
end_of_record
SF:/usr/include/c++/4.8/bits/alloc_traits.h
FN:337,_ZNSt16allocator_traitsISaISt6vectorIiSaIiEEEE9_S_selectIKS3_EENSt9enable_ifIXntsrNS4_15__select_helperIT_EE5valueES9_E4typeERS9_
FN:337,_ZNSt16allocator_traitsISaIiEE9_S_selectIKS0_EENSt9enable_ifIXntsrNS1_15__select_helperIT_EE5valueES6_E4typeERS6_
FN:427,_ZNSt16allocator_traitsISaISt6vectorIiSaIiEEEE37select_on_container_copy_constructionERKS3_
FN:427,_ZNSt16allocator_traitsISaIiEE37select_on_container_copy_constructionERKS0_
FNDA:0,_ZNSt16allocator_traitsISaIiEE9_S_selectIKS0_EENSt9enable_ifIXntsrNS1_15__select_helperIT_EE5valueES6_E4typeERS6_
FNDA:0,_ZNSt16allocator_traitsISaISt6vectorIiSaIiEEEE9_S_selectIKS3_EENSt9enable_ifIXntsrNS4_15__select_helperIT_EE5valueES9_E4typeERS9_
FNDA:0,_ZNSt16allocator_traitsISaIiEE37select_on_container_copy_constructionERKS0_
FNDA:0,_ZNSt16allocator_traitsISaISt6vectorIiSaIiEEEE37select_on_container_copy_constructionERKS3_
FNF:4
FNH:0
DA:337,0
DA:338,0
DA:427,0
DA:428,0
LF:4
LH:0
end_of_record
SF:/usr/include/c++/4.8/bits/allocator.h
FN:113,_ZNSaISt6vectorIiSaIiEEEC2Ev
FN:113,_ZNSaIiEC2Ev
FN:115,_ZNSaIiEC2ERKS_
FN:115,_ZNSaISt6vectorIiSaIiEEEC2ERKS2_
FN:121,_ZNSaISt6vectorIiSaIiEEED2Ev
FN:121,_ZNSaIiED2Ev
FN:133,_ZSteqIcEbRKSaIT_ES3_
FNDA:0,_ZNSaISt6vectorIiSaIiEEEC2Ev
FNDA:0,_ZNSaIiEC2Ev
FNDA:0,_ZNSaIiEC2ERKS_
FNDA:0,_ZNSaISt6vectorIiSaIiEEEC2ERKS2_
FNDA:0,_ZNSaISt6vectorIiSaIiEEED2Ev
FNDA:0,_ZNSaIiED2Ev
FNDA:0,_ZSteqIcEbRKSaIT_ES3_
FNF:7
FNH:0
DA:113,0
DA:115,0
DA:116,0
DA:121,0
DA:133,0
DA:134,0
LF:6
LH:0
end_of_record
SF:/usr/include/c++/4.8/bits/basic_string.h
FN:272,_ZNSs12_Alloc_hiderD2Ev
FN:1721,_ZNSs16_S_construct_auxIPcEES0_T_S1_RKSaIcESt12__false_type
FN:1743,_ZNSs12_S_constructIPcEES0_T_S1_RKSaIcE
FNDA:0,_ZNSs12_Alloc_hiderD2Ev
FNDA:0,_ZNSs16_S_construct_auxIPcEES0_T_S1_RKSaIcESt12__false_type
FNDA:0,_ZNSs12_S_constructIPcEES0_T_S1_RKSaIcE
FNF:3
FNH:0
DA:272,0
DA:1721,0
DA:1725,0
DA:1743,0
DA:1746,0
LF:5
LH:0
end_of_record
SF:/usr/include/c++/4.8/bits/basic_string.tcc
FN:123,_ZNSs12_S_constructIPcEES0_T_S1_RKSaIcESt20forward_iterator_tag
FN:227,_ZNSsC2IPcEET_S1_RKSaIcE
FNDA:0,_ZNSs12_S_constructIPcEES0_T_S1_RKSaIcESt20forward_iterator_tag
FNDA:0,_ZNSsC2IPcEET_S1_RKSaIcE
FNF:2
FNH:0
DA:123,0
DA:128,0
DA:129,0
DA:132,0
DA:133,0
DA:136,0
DA:138,0
DA:140,0
DA:141,=====
DA:143,=====
DA:144,=====
DA:146,0
DA:147,0
DA:227,0
DA:229,0
DA:230,0
LF:16
LH:0
end_of_record
SF:/usr/include/c++/4.8/bits/char_traits.h
FN:242,_ZNSt11char_traitsIcE6assignERcRKc
FN:270,_ZNSt11char_traitsIcE4copyEPcPKcm
FNDA:0,_ZNSt11char_traitsIcE6assignERcRKc
FNDA:0,_ZNSt11char_traitsIcE4copyEPcPKcm
FNF:2
FNH:0
DA:242,0
DA:243,0
DA:270,0
DA:271,0
LF:4
LH:0
end_of_record
SF:/usr/include/c++/4.8/bits/ios_base.h
FN:123,_ZStorSt13_Ios_OpenmodeS_
FNDA:0,_ZStorSt13_Ios_OpenmodeS_
FNF:1
FNH:0
DA:123,0
DA:124,0
LF:2
LH:0
end_of_record
SF:/usr/include/c++/4.8/bits/move.h
FN:47,_ZSt11__addressofISt6vectorIiSaIiEEEPT_RS3_
FN:76,_ZSt7forwardIRKSt6vectorIiSaIiEEEOT_RNSt16remove_referenceIS5_E4typeE
FNDA:0,_ZSt11__addressofISt6vectorIiSaIiEEEPT_RS3_
FNDA:0,_ZSt7forwardIRKSt6vectorIiSaIiEEEOT_RNSt16remove_referenceIS5_E4typeE
FNF:2
FNH:0
DA:47,0
DA:50,0
DA:76,0
DA:77,0
LF:4
LH:0
end_of_record
SF:/usr/include/c++/4.8/bits/stl_algobase.h
FN:277,_ZSt12__niter_baseIPKiENSt11_Niter_baseIT_E13iterator_typeES3_
FN:277,_ZSt12__niter_baseIN9__gnu_cxx17__normal_iteratorIPKiSt6vectorIiSaIiEEEEENSt11_Niter_baseIT_E13iterator_typeES9_
FN:277,_ZSt12__niter_baseIPiENSt11_Niter_baseIT_E13iterator_typeES2_
FN:288,_ZSt12__miter_baseIN9__gnu_cxx17__normal_iteratorIPKiSt6vectorIiSaIiEEEEENSt11_Miter_baseIT_E13iterator_typeES9_
FN:288,_ZSt12__miter_baseIPKiENSt11_Miter_baseIT_E13iterator_typeES3_
FN:368,_ZNSt11__copy_moveILb0ELb1ESt26random_access_iterator_tagE8__copy_mIiEEPT_PKS3_S6_S4_
FN:379,_ZSt13__copy_move_aILb0EPKiPiET1_T0_S4_S3_
FN:424,_ZSt14__copy_move_a2ILb0EPKiPiET1_T0_S4_S3_
FN:424,_ZSt14__copy_move_a2ILb0EN9__gnu_cxx17__normal_iteratorIPKiSt6vectorIiSaIiEEEEPiET1_T0_SA_S9_
FN:450,_ZSt4copyIPKiPiET0_T_S4_S3_
FN:450,_ZSt4copyIN9__gnu_cxx17__normal_iteratorIPKiSt6vectorIiSaIiEEEEPiET0_T_SA_S9_
FNDA:0,_ZSt12__niter_baseIN9__gnu_cxx17__normal_iteratorIPKiSt6vectorIiSaIiEEEEENSt11_Niter_baseIT_E13iterator_typeES9_
FNDA:0,_ZSt12__niter_baseIPiENSt11_Niter_baseIT_E13iterator_typeES2_
FNDA:0,_ZSt12__niter_baseIPKiENSt11_Niter_baseIT_E13iterator_typeES3_
FNDA:0,_ZSt12__miter_baseIN9__gnu_cxx17__normal_iteratorIPKiSt6vectorIiSaIiEEEEENSt11_Miter_baseIT_E13iterator_typeES9_
FNDA:0,_ZSt12__miter_baseIPKiENSt11_Miter_baseIT_E13iterator_typeES3_
FNDA:0,_ZNSt11__copy_moveILb0ELb1ESt26random_access_iterator_tagE8__copy_mIiEEPT_PKS3_S6_S4_
FNDA:0,_ZSt13__copy_move_aILb0EPKiPiET1_T0_S4_S3_
FNDA:0,_ZSt14__copy_move_a2ILb0EN9__gnu_cxx17__normal_iteratorIPKiSt6vectorIiSaIiEEEEPiET1_T0_SA_S9_
FNDA:0,_ZSt14__copy_move_a2ILb0EPKiPiET1_T0_S4_S3_
FNDA:0,_ZSt4copyIN9__gnu_cxx17__normal_iteratorIPKiSt6vectorIiSaIiEEEEPiET0_T_SA_S9_
FNDA:0,_ZSt4copyIPKiPiET0_T_S4_S3_
FNF:11
FNH:0
DA:277,0
DA:278,0
DA:288,0
DA:289,0
DA:368,0
DA:370,0
DA:371,0
DA:372,0
DA:373,0
DA:379,0
DA:387,0
DA:390,0
DA:424,0
DA:428,0
DA:450,0
DA:460,0
LF:16
LH:0
end_of_record
SF:/usr/include/c++/4.8/bits/stl_construct.h
FN:74,_ZSt10_ConstructISt6vectorIiSaIiEEIRKS2_EEvPT_DpOT0_
FN:92,_ZSt8_DestroyISt6vectorIiSaIiEEEvPT_
FN:100,_ZNSt12_Destroy_auxILb0EE9__destroyIPSt6vectorIiSaIiEEEEvT_S6_
FN:112,_ZNSt12_Destroy_auxILb1EE9__destroyIPiEEvT_S3_
FN:122,_ZSt8_DestroyIPSt6vectorIiSaIiEEEvT_S4_
FN:122,_ZSt8_DestroyIPiEvT_S1_
FN:148,_ZSt8_DestroyIPSt6vectorIiSaIiEES2_EvT_S4_RSaIT0_E
FN:148,_ZSt8_DestroyIPiiEvT_S1_RSaIT0_E
FNDA:0,_ZSt10_ConstructISt6vectorIiSaIiEEIRKS2_EEvPT_DpOT0_
FNDA:0,_ZSt8_DestroyISt6vectorIiSaIiEEEvPT_
FNDA:0,_ZNSt12_Destroy_auxILb0EE9__destroyIPSt6vectorIiSaIiEEEEvT_S6_
FNDA:0,_ZNSt12_Destroy_auxILb1EE9__destroyIPiEEvT_S3_
FNDA:0,_ZSt8_DestroyIPSt6vectorIiSaIiEEEvT_S4_
FNDA:0,_ZSt8_DestroyIPiEvT_S1_
FNDA:0,_ZSt8_DestroyIPSt6vectorIiSaIiEES2_EvT_S4_RSaIT0_E
FNDA:0,_ZSt8_DestroyIPiiEvT_S1_RSaIT0_E
FNF:8
FNH:0
DA:74,0
DA:75,0
DA:92,0
DA:93,0
DA:100,0
DA:102,0
DA:103,0
DA:104,0
DA:112,0
DA:122,0
DA:126,0
DA:128,0
DA:148,0
DA:151,0
DA:152,0
LF:15
LH:0
end_of_record
SF:/usr/include/c++/4.8/bits/stl_iterator.h
FN:726,_ZN9__gnu_cxx17__normal_iteratorIPKiSt6vectorIiSaIiEEEC2ERKS2_
FN:726,_ZN9__gnu_cxx17__normal_iteratorIPKSt6vectorIiSaIiEES1_IS3_SaIS3_EEEC2ERKS5_
FN:738,_ZNK9__gnu_cxx17__normal_iteratorIPKSt6vectorIiSaIiEES1_IS3_SaIS3_EEEdeEv
FN:746,_ZN9__gnu_cxx17__normal_iteratorIPKSt6vectorIiSaIiEES1_IS3_SaIS3_EEEppEv
FN:790,_ZNK9__gnu_cxx17__normal_iteratorIPKiSt6vectorIiSaIiEEE4baseEv
FN:790,_ZNK9__gnu_cxx17__normal_iteratorIPKSt6vectorIiSaIiEES1_IS3_SaIS3_EEE4baseEv
FN:823,_ZN9__gnu_cxxneIPKSt6vectorIiSaIiEES1_IS3_SaIS3_EEEEbRKNS_17__normal_iteratorIT_T0_EESD_
FNDA:0,_ZN9__gnu_cxx17__normal_iteratorIPKiSt6vectorIiSaIiEEEC2ERKS2_
FNDA:0,_ZN9__gnu_cxx17__normal_iteratorIPKSt6vectorIiSaIiEES1_IS3_SaIS3_EEEC2ERKS5_
FNDA:0,_ZNK9__gnu_cxx17__normal_iteratorIPKSt6vectorIiSaIiEES1_IS3_SaIS3_EEEdeEv
FNDA:0,_ZN9__gnu_cxx17__normal_iteratorIPKSt6vectorIiSaIiEES1_IS3_SaIS3_EEEppEv
FNDA:0,_ZNK9__gnu_cxx17__normal_iteratorIPKiSt6vectorIiSaIiEEE4baseEv
FNDA:0,_ZNK9__gnu_cxx17__normal_iteratorIPKSt6vectorIiSaIiEES1_IS3_SaIS3_EEE4baseEv
FNDA:0,_ZN9__gnu_cxxneIPKSt6vectorIiSaIiEES1_IS3_SaIS3_EEEEbRKNS_17__normal_iteratorIT_T0_EESD_
FNF:7
FNH:0
DA:726,0
DA:738,0
DA:739,0
DA:746,0
DA:748,0
DA:749,0
DA:790,0
DA:791,0
DA:823,0
DA:825,0
LF:10
LH:0
end_of_record
SF:/usr/include/c++/4.8/bits/stl_iterator_base_funcs.h
FN:90,_ZSt10__distanceIPKiENSt15iterator_traitsIT_E15difference_typeES3_S3_St26random_access_iterator_tag
FN:90,_ZSt10__distanceIPKSt6vectorIiSaIiEEENSt15iterator_traitsIT_E15difference_typeES6_S6_St26random_access_iterator_tag
FN:90,_ZSt10__distanceIPcENSt15iterator_traitsIT_E15difference_typeES2_S2_St26random_access_iterator_tag
FN:114,_ZSt8distanceIPcENSt15iterator_traitsIT_E15difference_typeES2_S2_
FN:114,_ZSt8distanceIPKSt6vectorIiSaIiEEENSt15iterator_traitsIT_E15difference_typeES6_S6_
FN:114,_ZSt8distanceIPKiENSt15iterator_traitsIT_E15difference_typeES3_S3_
FNDA:0,_ZSt10__distanceIPcENSt15iterator_traitsIT_E15difference_typeES2_S2_St26random_access_iterator_tag
FNDA:0,_ZSt10__distanceIPKSt6vectorIiSaIiEEENSt15iterator_traitsIT_E15difference_typeES6_S6_St26random_access_iterator_tag
FNDA:0,_ZSt10__distanceIPKiENSt15iterator_traitsIT_E15difference_typeES3_S3_St26random_access_iterator_tag
FNDA:0,_ZSt8distanceIPcENSt15iterator_traitsIT_E15difference_typeES2_S2_
FNDA:0,_ZSt8distanceIPKSt6vectorIiSaIiEEENSt15iterator_traitsIT_E15difference_typeES6_S6_
FNDA:0,_ZSt8distanceIPKiENSt15iterator_traitsIT_E15difference_typeES3_S3_
FNF:6
FNH:0
DA:90,0
DA:96,0
DA:114,0
DA:118,0
LF:4
LH:0
end_of_record
SF:/usr/include/c++/4.8/bits/stl_iterator_base_types.h
FN:201,_ZSt19__iterator_categoryIPcENSt15iterator_traitsIT_E17iterator_categoryERKS2_
FN:201,_ZSt19__iterator_categoryIPKiENSt15iterator_traitsIT_E17iterator_categoryERKS3_
FN:201,_ZSt19__iterator_categoryIPKSt6vectorIiSaIiEEENSt15iterator_traitsIT_E17iterator_categoryERKS6_
FN:212,_ZNSt10_Iter_baseIPiLb0EE7_S_baseES0_
FN:212,_ZNSt10_Iter_baseIPKiLb0EE7_S_baseES1_
FN:212,_ZNSt10_Iter_baseIN9__gnu_cxx17__normal_iteratorIPKiSt6vectorIiSaIiEEEELb0EE7_S_baseES7_
FN:220,_ZNSt10_Iter_baseIN9__gnu_cxx17__normal_iteratorIPKiSt6vectorIiSaIiEEEELb1EE7_S_baseES7_
FNDA:0,_ZSt19__iterator_categoryIPcENSt15iterator_traitsIT_E17iterator_categoryERKS2_
FNDA:0,_ZSt19__iterator_categoryIPKSt6vectorIiSaIiEEENSt15iterator_traitsIT_E17iterator_categoryERKS6_
FNDA:0,_ZSt19__iterator_categoryIPKiENSt15iterator_traitsIT_E17iterator_categoryERKS3_
FNDA:0,_ZNSt10_Iter_baseIN9__gnu_cxx17__normal_iteratorIPKiSt6vectorIiSaIiEEEELb0EE7_S_baseES7_
FNDA:0,_ZNSt10_Iter_baseIPiLb0EE7_S_baseES0_
FNDA:0,_ZNSt10_Iter_baseIPKiLb0EE7_S_baseES1_
FNDA:0,_ZNSt10_Iter_baseIN9__gnu_cxx17__normal_iteratorIPKiSt6vectorIiSaIiEEEELb1EE7_S_baseES7_
FNF:7
FNH:0
DA:201,0
DA:202,0
DA:212,0
DA:213,0
DA:220,0
DA:221,0
LF:6
LH:0
end_of_record
SF:/usr/include/c++/4.8/bits/stl_uninitialized.h
FN:68,_ZNSt20__uninitialized_copyILb0EE13__uninit_copyIN9__gnu_cxx17__normal_iteratorIPKSt6vectorIiSaIiEES4_IS6_SaIS6_EEEEPS6_EET0_T_SE_SD_
FN:68,_ZNSt20__uninitialized_copyILb0EE13__uninit_copyIPKSt6vectorIiSaIiEEPS4_EET0_T_S9_S8_
FN:91,_ZNSt20__uninitialized_copyILb1EE13__uninit_copyIN9__gnu_cxx17__normal_iteratorIPKiSt6vectorIiSaIiEEEEPiEET0_T_SC_SB_
FN:91,_ZNSt20__uninitialized_copyILb1EE13__uninit_copyIPKiPiEET0_T_S6_S5_
FN:107,_ZSt18uninitialized_copyIPKiPiET0_T_S4_S3_
FN:107,_ZSt18uninitialized_copyIN9__gnu_cxx17__normal_iteratorIPKiSt6vectorIiSaIiEEEEPiET0_T_SA_S9_
FN:107,_ZSt18uninitialized_copyIN9__gnu_cxx17__normal_iteratorIPKSt6vectorIiSaIiEES2_IS4_SaIS4_EEEEPS4_ET0_T_SC_SB_
FN:107,_ZSt18uninitialized_copyIPKSt6vectorIiSaIiEEPS2_ET0_T_S7_S6_
FN:256,_ZSt22__uninitialized_copy_aIN9__gnu_cxx17__normal_iteratorIPKSt6vectorIiSaIiEES2_IS4_SaIS4_EEEEPS4_S4_ET0_T_SC_SB_RSaIT1_E
FN:256,_ZSt22__uninitialized_copy_aIN9__gnu_cxx17__normal_iteratorIPKiSt6vectorIiSaIiEEEEPiiET0_T_SA_S9_RSaIT1_E
FN:256,_ZSt22__uninitialized_copy_aIPKiPiiET0_T_S4_S3_RSaIT1_E
FN:256,_ZSt22__uninitialized_copy_aIPKSt6vectorIiSaIiEEPS2_S2_ET0_T_S7_S6_RSaIT1_E
FNDA:0,_ZNSt20__uninitialized_copyILb0EE13__uninit_copyIPKSt6vectorIiSaIiEEPS4_EET0_T_S9_S8_
FNDA:0,_ZNSt20__uninitialized_copyILb0EE13__uninit_copyIN9__gnu_cxx17__normal_iteratorIPKSt6vectorIiSaIiEES4_IS6_SaIS6_EEEEPS6_EET0_T_SE_SD_
FNDA:0,_ZNSt20__uninitialized_copyILb1EE13__uninit_copyIN9__gnu_cxx17__normal_iteratorIPKiSt6vectorIiSaIiEEEEPiEET0_T_SC_SB_
FNDA:0,_ZNSt20__uninitialized_copyILb1EE13__uninit_copyIPKiPiEET0_T_S6_S5_
FNDA:0,_ZSt18uninitialized_copyIN9__gnu_cxx17__normal_iteratorIPKiSt6vectorIiSaIiEEEEPiET0_T_SA_S9_
FNDA:0,_ZSt18uninitialized_copyIPKSt6vectorIiSaIiEEPS2_ET0_T_S7_S6_
FNDA:0,_ZSt18uninitialized_copyIPKiPiET0_T_S4_S3_
FNDA:0,_ZSt18uninitialized_copyIN9__gnu_cxx17__normal_iteratorIPKSt6vectorIiSaIiEES2_IS4_SaIS4_EEEEPS4_ET0_T_SC_SB_
FNDA:0,_ZSt22__uninitialized_copy_aIN9__gnu_cxx17__normal_iteratorIPKiSt6vectorIiSaIiEEEEPiiET0_T_SA_S9_RSaIT1_E
FNDA:0,_ZSt22__uninitialized_copy_aIPKSt6vectorIiSaIiEEPS2_S2_ET0_T_S7_S6_RSaIT1_E
FNDA:0,_ZSt22__uninitialized_copy_aIPKiPiiET0_T_S4_S3_RSaIT1_E
FNDA:0,_ZSt22__uninitialized_copy_aIN9__gnu_cxx17__normal_iteratorIPKSt6vectorIiSaIiEES2_IS4_SaIS4_EEEEPS4_S4_ET0_T_SC_SB_RSaIT1_E
FNF:12
FNH:0
DA:68,0
DA:71,0
DA:74,0
DA:75,0
DA:76,0
DA:78,=====
DA:80,=====
DA:81,=====
DA:91,0
DA:93,0
DA:107,0
DA:117,0
DA:256,0
DA:258,0
LF:14
LH:0
end_of_record
SF:/usr/include/c++/4.8/bits/stl_vector.h
FN:79,_ZNSt12_Vector_baseIiSaIiEE12_Vector_implD2Ev
FN:79,_ZNSt12_Vector_baseISt6vectorIiSaIiEESaIS2_EE12_Vector_implD2Ev
FN:90,_ZNSt12_Vector_baseIiSaIiEE12_Vector_implC2ERKS0_
FN:90,_ZNSt12_Vector_baseISt6vectorIiSaIiEESaIS2_EE12_Vector_implC2ERKS3_
FN:113,_ZNSt12_Vector_baseISt6vectorIiSaIiEESaIS2_EE19_M_get_Tp_allocatorEv
FN:113,_ZNSt12_Vector_baseIiSaIiEE19_M_get_Tp_allocatorEv
FN:117,_ZNKSt12_Vector_baseISt6vectorIiSaIiEESaIS2_EE19_M_get_Tp_allocatorEv
FN:117,_ZNKSt12_Vector_baseIiSaIiEE19_M_get_Tp_allocatorEv
FN:127,_ZNSt12_Vector_baseISt6vectorIiSaIiEESaIS2_EEC2ERKS3_
FN:127,_ZNSt12_Vector_baseIiSaIiEEC2ERKS0_
FN:134,_ZNSt12_Vector_baseISt6vectorIiSaIiEESaIS2_EEC2EmRKS3_
FN:134,_ZNSt12_Vector_baseIiSaIiEEC2EmRKS0_
FN:159,_ZNSt12_Vector_baseISt6vectorIiSaIiEESaIS2_EED2Ev
FN:159,_ZNSt12_Vector_baseIiSaIiEED2Ev
FN:167,_ZNSt12_Vector_baseIiSaIiEE11_M_allocateEm
FN:167,_ZNSt12_Vector_baseISt6vectorIiSaIiEESaIS2_EE11_M_allocateEm
FN:171,_ZNSt12_Vector_baseISt6vectorIiSaIiEESaIS2_EE13_M_deallocateEPS2_m
FN:171,_ZNSt12_Vector_baseIiSaIiEE13_M_deallocateEPim
FN:179,_ZNSt12_Vector_baseIiSaIiEE17_M_create_storageEm
FN:179,_ZNSt12_Vector_baseISt6vectorIiSaIiEESaIS2_EE17_M_create_storageEm
FN:310,_ZNSt6vectorIiSaIiEEC2ERKS1_
FN:310,_ZNSt6vectorIS_IiSaIiEESaIS1_EEC2ERKS3_
FN:364,_ZNSt6vectorIiSaIiEEC2ESt16initializer_listIiERKS0_
FN:364,_ZNSt6vectorIS_IiSaIiEESaIS1_EEC2ESt16initializer_listIS1_ERKS2_
FN:414,_ZNSt6vectorIiSaIiEED2Ev
FN:414,_ZNSt6vectorIS_IiSaIiEESaIS1_EED2Ev
FN:547,_ZNKSt6vectorIS_IiSaIiEESaIS1_EE5beginEv
FN:547,_ZNKSt6vectorIiSaIiEE5beginEv
FN:565,_ZNKSt6vectorIS_IiSaIiEESaIS1_EE3endEv
FN:565,_ZNKSt6vectorIiSaIiEE3endEv
FN:645,_ZNKSt6vectorIS_IiSaIiEESaIS1_EE4sizeEv
FN:645,_ZNKSt6vectorIiSaIiEE4sizeEv
FN:770,_ZNSt6vectorIS_IiSaIiEESaIS1_EEixEm
FN:770,_ZNSt6vectorIiSaIiEEixEm
FN:1197,_ZNSt6vectorIiSaIiEE19_M_range_initializeIPKiEEvT_S5_St20forward_iterator_tag
FN:1197,_ZNSt6vectorIS_IiSaIiEESaIS1_EE19_M_range_initializeIPKS1_EEvT_S7_St20forward_iterator_tag
FNDA:0,_ZNSt12_Vector_baseISt6vectorIiSaIiEESaIS2_EE12_Vector_implD2Ev
FNDA:0,_ZNSt12_Vector_baseIiSaIiEE12_Vector_implD2Ev
FNDA:0,_ZNSt12_Vector_baseISt6vectorIiSaIiEESaIS2_EE12_Vector_implC2ERKS3_
FNDA:0,_ZNSt12_Vector_baseIiSaIiEE12_Vector_implC2ERKS0_
FNDA:0,_ZNSt12_Vector_baseISt6vectorIiSaIiEESaIS2_EE19_M_get_Tp_allocatorEv
FNDA:0,_ZNSt12_Vector_baseIiSaIiEE19_M_get_Tp_allocatorEv
FNDA:0,_ZNKSt12_Vector_baseIiSaIiEE19_M_get_Tp_allocatorEv
FNDA:0,_ZNKSt12_Vector_baseISt6vectorIiSaIiEESaIS2_EE19_M_get_Tp_allocatorEv
FNDA:0,_ZNSt12_Vector_baseISt6vectorIiSaIiEESaIS2_EEC2ERKS3_
FNDA:0,_ZNSt12_Vector_baseIiSaIiEEC2ERKS0_
FNDA:0,_ZNSt12_Vector_baseIiSaIiEEC2EmRKS0_
FNDA:0,_ZNSt12_Vector_baseISt6vectorIiSaIiEESaIS2_EEC2EmRKS3_
FNDA:0,_ZNSt12_Vector_baseISt6vectorIiSaIiEESaIS2_EED2Ev
FNDA:0,_ZNSt12_Vector_baseIiSaIiEED2Ev
FNDA:0,_ZNSt12_Vector_baseISt6vectorIiSaIiEESaIS2_EE11_M_allocateEm
FNDA:0,_ZNSt12_Vector_baseIiSaIiEE11_M_allocateEm
FNDA:0,_ZNSt12_Vector_baseISt6vectorIiSaIiEESaIS2_EE13_M_deallocateEPS2_m
FNDA:0,_ZNSt12_Vector_baseIiSaIiEE13_M_deallocateEPim
FNDA:0,_ZNSt12_Vector_baseIiSaIiEE17_M_create_storageEm
FNDA:0,_ZNSt12_Vector_baseISt6vectorIiSaIiEESaIS2_EE17_M_create_storageEm
FNDA:0,_ZNSt6vectorIiSaIiEEC2ERKS1_
FNDA:0,_ZNSt6vectorIS_IiSaIiEESaIS1_EEC2ERKS3_
FNDA:0,_ZNSt6vectorIS_IiSaIiEESaIS1_EEC2ESt16initializer_listIS1_ERKS2_
FNDA:0,_ZNSt6vectorIiSaIiEEC2ESt16initializer_listIiERKS0_
FNDA:0,_ZNSt6vectorIS_IiSaIiEESaIS1_EED2Ev
FNDA:0,_ZNSt6vectorIiSaIiEED2Ev
FNDA:0,_ZNKSt6vectorIiSaIiEE5beginEv
FNDA:0,_ZNKSt6vectorIS_IiSaIiEESaIS1_EE5beginEv
FNDA:0,_ZNKSt6vectorIiSaIiEE3endEv
FNDA:0,_ZNKSt6vectorIS_IiSaIiEESaIS1_EE3endEv
FNDA:0,_ZNKSt6vectorIiSaIiEE4sizeEv
FNDA:0,_ZNKSt6vectorIS_IiSaIiEESaIS1_EE4sizeEv
FNDA:0,_ZNSt6vectorIiSaIiEEixEm
FNDA:0,_ZNSt6vectorIS_IiSaIiEESaIS1_EEixEm
FNDA:0,_ZNSt6vectorIS_IiSaIiEESaIS1_EE19_M_range_initializeIPKS1_EEvT_S7_St20forward_iterator_tag
FNDA:0,_ZNSt6vectorIiSaIiEE19_M_range_initializeIPKiEEvT_S5_St20forward_iterator_tag
FNF:36
FNH:0
DA:79,0
DA:90,0
DA:91,0
DA:92,0
DA:113,0
DA:114,0
DA:117,0
DA:118,0
DA:127,0
DA:128,0
DA:134,0
DA:135,0
DA:136,0
DA:159,0
DA:160,0
DA:161,0
DA:167,0
DA:168,0
DA:171,0
DA:173,0
DA:174,0
DA:175,0
DA:179,0
DA:181,0
DA:182,0
DA:183,0
DA:184,0
DA:310,0
DA:312,0
DA:313,0
DA:316,0
DA:317,0
DA:364,0
DA:366,0
DA:368,0
DA:369,0
DA:370,0
DA:414,0
DA:415,0
DA:416,0
DA:547,0
DA:548,0
DA:565,0
DA:566,0
DA:645,0
DA:646,0
DA:770,0
DA:771,0
DA:1197,0
DA:1200,0
DA:1201,0
DA:1202,0
DA:1203,0
DA:1206,0
DA:1207,0
LF:55
LH:0
end_of_record
SF:/usr/include/c++/4.8/ext/alloc_traits.h
FN:166,_ZN9__gnu_cxx14__alloc_traitsISaIiEE17_S_select_on_copyERKS1_
FN:166,_ZN9__gnu_cxx14__alloc_traitsISaISt6vectorIiSaIiEEEE17_S_select_on_copyERKS4_
FNDA:0,_ZN9__gnu_cxx14__alloc_traitsISaIiEE17_S_select_on_copyERKS1_
FNDA:0,_ZN9__gnu_cxx14__alloc_traitsISaISt6vectorIiSaIiEEEE17_S_select_on_copyERKS4_
FNF:2
FNH:0
DA:166,0
DA:167,0
LF:2
LH:0
end_of_record
SF:/usr/include/c++/4.8/ext/atomicity.h
FN:48,_ZN9__gnu_cxxL18__exchange_and_addEPVii
FN:65,_ZN9__gnu_cxxL25__exchange_and_add_singleEPii
FN:78,_ZN9__gnu_cxxL27__exchange_and_add_dispatchEPii
FNDA:0,_ZN9__gnu_cxxL18__exchange_and_addEPVii
FNDA:0,_ZN9__gnu_cxxL25__exchange_and_add_singleEPii
FNDA:0,_ZN9__gnu_cxxL27__exchange_and_add_dispatchEPii
FNF:3
FNH:0
DA:48,0
DA:49,0
DA:65,0
DA:67,0
DA:68,0
DA:69,0
DA:78,0
DA:81,0
DA:82,0
DA:84,0
LF:10
LH:0
end_of_record
SF:/usr/include/c++/4.8/ext/new_allocator.h
FN:79,_ZN9__gnu_cxx13new_allocatorIcEC2Ev
FN:79,_ZN9__gnu_cxx13new_allocatorISt6vectorIiSaIiEEEC2Ev
FN:79,_ZN9__gnu_cxx13new_allocatorIiEC2Ev
FN:81,_ZN9__gnu_cxx13new_allocatorIiEC2ERKS1_
FN:81,_ZN9__gnu_cxx13new_allocatorISt6vectorIiSaIiEEEC2ERKS4_
FN:81,_ZN9__gnu_cxx13new_allocatorIcEC2ERKS1_
FN:86,_ZN9__gnu_cxx13new_allocatorIiED2Ev
FN:86,_ZN9__gnu_cxx13new_allocatorISt6vectorIiSaIiEEED2Ev
FN:86,_ZN9__gnu_cxx13new_allocatorIcED2Ev
FN:99,_ZN9__gnu_cxx13new_allocatorIiE8allocateEmPKv
FN:99,_ZN9__gnu_cxx13new_allocatorISt6vectorIiSaIiEEE8allocateEmPKv
FN:109,_ZN9__gnu_cxx13new_allocatorISt6vectorIiSaIiEEE10deallocateEPS3_m
FN:109,_ZN9__gnu_cxx13new_allocatorIiE10deallocateEPim
FN:113,_ZNK9__gnu_cxx13new_allocatorIiE8max_sizeEv
FN:113,_ZNK9__gnu_cxx13new_allocatorISt6vectorIiSaIiEEE8max_sizeEv
FNDA:0,_ZN9__gnu_cxx13new_allocatorISt6vectorIiSaIiEEEC2Ev
FNDA:0,_ZN9__gnu_cxx13new_allocatorIiEC2Ev
FNDA:0,_ZN9__gnu_cxx13new_allocatorIcEC2Ev
FNDA:0,_ZN9__gnu_cxx13new_allocatorIiEC2ERKS1_
FNDA:0,_ZN9__gnu_cxx13new_allocatorISt6vectorIiSaIiEEEC2ERKS4_
FNDA:0,_ZN9__gnu_cxx13new_allocatorIcEC2ERKS1_
FNDA:0,_ZN9__gnu_cxx13new_allocatorISt6vectorIiSaIiEEED2Ev
FNDA:0,_ZN9__gnu_cxx13new_allocatorIiED2Ev
FNDA:0,_ZN9__gnu_cxx13new_allocatorIcED2Ev
FNDA:0,_ZN9__gnu_cxx13new_allocatorISt6vectorIiSaIiEEE8allocateEmPKv
FNDA:0,_ZN9__gnu_cxx13new_allocatorIiE8allocateEmPKv
FNDA:0,_ZN9__gnu_cxx13new_allocatorISt6vectorIiSaIiEEE10deallocateEPS3_m
FNDA:0,_ZN9__gnu_cxx13new_allocatorIiE10deallocateEPim
FNDA:0,_ZNK9__gnu_cxx13new_allocatorISt6vectorIiSaIiEEE8max_sizeEv
FNDA:0,_ZNK9__gnu_cxx13new_allocatorIiE8max_sizeEv
FNF:15
FNH:0
DA:79,0
DA:81,0
DA:86,0
DA:99,0
DA:101,0
DA:102,0
DA:104,0
DA:109,0
DA:110,0
DA:113,0
DA:114,0
LF:11
LH:0
end_of_record
SF:/usr/include/c++/4.8/ext/type_traits.h
FN:150,_ZN9__gnu_cxx17__is_null_pointerIcEEbPT_
FNDA:0,_ZN9__gnu_cxx17__is_null_pointerIcEEbPT_
FNF:1
FNH:0
DA:150,0
DA:151,0
LF:2
LH:0
end_of_record
SF:/usr/include/c++/4.8/initializer_list
FN:71,_ZNKSt16initializer_listIiE4sizeEv
FN:71,_ZNKSt16initializer_listISt6vectorIiSaIiEEE4sizeEv
FN:75,_ZNKSt16initializer_listIiE5beginEv
FN:75,_ZNKSt16initializer_listISt6vectorIiSaIiEEE5beginEv
FN:79,_ZNKSt16initializer_listISt6vectorIiSaIiEEE3endEv
FN:79,_ZNKSt16initializer_listIiE3endEv
FNDA:0,_ZNKSt16initializer_listISt6vectorIiSaIiEEE4sizeEv
FNDA:0,_ZNKSt16initializer_listIiE4sizeEv
FNDA:0,_ZNKSt16initializer_listISt6vectorIiSaIiEEE5beginEv
FNDA:0,_ZNKSt16initializer_listIiE5beginEv
FNDA:0,_ZNKSt16initializer_listISt6vectorIiSaIiEEE3endEv
FNDA:0,_ZNKSt16initializer_listIiE3endEv
FNF:6
FNH:0
DA:71,0
DA:75,0
DA:79,0
LF:3
LH:0
end_of_record
SF:/usr/include/c++/4.8/iostream
DA:74,2
LF:1
LH:1
end_of_record
SF:/usr/include/c++/4.8/new
FN:109,_ZnwmPv
FN:115,_ZdlPvS_
FNDA:0,_ZnwmPv
FNDA:0,_ZdlPvS_
FNF:2
FNH:0
DA:109,0
DA:110,0
DA:115,0
LF:3
LH:0
end_of_record
SF:/usr/include/c++/4.8/sstream
FN:64,_ZNSt15basic_stringbufIcSt11char_traitsIcESaIcEED0Ev
FN:64,_ZNSt15basic_stringbufIcSt11char_traitsIcESaIcEED2Ev
FNDA:0,_ZNSt15basic_stringbufIcSt11char_traitsIcESaIcEED0Ev
FNDA:0,_ZNSt15basic_stringbufIcSt11char_traitsIcESaIcEED2Ev
FNF:2
FNH:0
DA:64,0
LF:1
LH:0
end_of_record
SF:/usr/include/x86_64-linux-gnu/c++/4.8/bits/gthr-default.h
FN:247,_ZL18__gthread_active_pv
FNDA:0,_ZL18__gthread_active_pv
FNF:1
FNH:0
DA:247,0
DA:251,0
LF:2
LH:0
end_of_record
TN:
SF:/home/ruslan/Facultad/Algo1 2017/TPI2017/TPIalgo1/salaDeReuniones_TPI/src/lib/googletest-master/googletest/include/gtest/gtest-message.h
FN:85,_ZN7testing7MessageD2Ev
FNDA:0,_ZN7testing7MessageD2Ev
FNF:1
FNH:0
DA:85,0
LF:1
LH:0
end_of_record
SF:/home/ruslan/Facultad/Algo1 2017/TPI2017/TPIalgo1/salaDeReuniones_TPI/src/lib/googletest-master/googletest/include/gtest/gtest-printers.h
FN:222,_ZN16testing_internal26DefaultPrintNonContainerToIiEEvRKT_PSo
FN:275,_ZN7testing8internal19FormatForComparisonIiiE6FormatERKi
FN:349,_ZN7testing8internal33FormatForComparisonFailureMessageIiiEESsRKT_RKT0_
FN:442,_ZN7testing8internal14DefaultPrintToIiEEvNS0_15WrapPrinterTypeILNS0_18DefaultPrinterTypeE3EEERKT_PSo
FN:459,_ZN7testing8internal7PrintToIiEEvRKT_PSo
FN:714,_ZN7testing8internal16UniversalPrinterIiE5PrintERKiPSo
FN:799,_ZN7testing8internal21UniversalTersePrinterIiE5PrintERKiPSo
FN:868,_ZN7testing8internal14UniversalPrintIiEEvRKT_PSo
FN:996,_ZN7testing13PrintToStringIiEESsRKT_
FNDA:0,_ZN16testing_internal26DefaultPrintNonContainerToIiEEvRKT_PSo
FNDA:0,_ZN7testing8internal19FormatForComparisonIiiE6FormatERKi
FNDA:0,_ZN7testing8internal33FormatForComparisonFailureMessageIiiEESsRKT_RKT0_
FNDA:0,_ZN7testing8internal14DefaultPrintToIiEEvNS0_15WrapPrinterTypeILNS0_18DefaultPrinterTypeE3EEERKT_PSo
FNDA:0,_ZN7testing8internal7PrintToIiEEvRKT_PSo
FNDA:0,_ZN7testing8internal16UniversalPrinterIiE5PrintERKiPSo
FNDA:0,_ZN7testing8internal21UniversalTersePrinterIiE5PrintERKiPSo
FNDA:0,_ZN7testing8internal14UniversalPrintIiEEvRKT_PSo
FNDA:0,_ZN7testing13PrintToStringIiEESsRKT_
FNF:9
FNH:0
DA:222,0
DA:249,0
DA:250,0
DA:275,0
DA:276,0
DA:349,0
DA:351,0
DA:442,0
DA:444,0
DA:445,0
DA:459,0
DA:481,0
DA:493,0
DA:494,0
DA:714,0
DA:723,0
DA:724,0
DA:799,0
DA:800,0
DA:801,0
DA:868,0
DA:872,0
DA:873,0
DA:996,0
DA:997,0
DA:998,0
DA:999,0
LF:27
LH:0
end_of_record
SF:/home/ruslan/Facultad/Algo1 2017/TPI2017/TPIalgo1/salaDeReuniones_TPI/src/lib/googletest-master/googletest/include/gtest/gtest.h
FN:256,_ZN7testing15AssertionResultD2Ev
FN:288,_ZNK7testing15AssertionResultcvbEv
FN:297,_ZNK7testing15AssertionResult7messageEv
FN:302,_ZNK7testing15AssertionResult15failure_messageEv
FN:389,_ZN7testing4Test13SetUpTestCaseEv
FN:397,_ZN7testing4Test16TearDownTestCaseEv
FN:474,_ZN7testing4Test5SetupEv
FN:1375,_ZN7testing8internal18CmpHelperEQFailureIiiEENS_15AssertionResultEPKcS4_RKT_RKT0_
FN:1387,_ZN7testing8internal11CmpHelperEQIiiEENS_15AssertionResultEPKcS4_RKT_RKT0_
FN:1417,_ZN7testing8internal8EqHelperILb0EE7CompareIiiEENS_15AssertionResultEPKcS6_RKT_RKT0_
FN:1448,_ZN7testing8internal8EqHelperILb1EE7CompareIiiEENS_15AssertionResultEPKcS6_RKT_RKT0_PNS0_8EnableIfIXntsrNS0_10is_pointerISA_EE5valueEE4typeE
FNDA:0,_ZN7testing15AssertionResultD2Ev
FNDA:0,_ZNK7testing15AssertionResultcvbEv
FNDA:0,_ZNK7testing15AssertionResult7messageEv
FNDA:0,_ZNK7testing15AssertionResult15failure_messageEv
FNDA:0,_ZN7testing4Test13SetUpTestCaseEv
FNDA:0,_ZN7testing4Test16TearDownTestCaseEv
FNDA:0,_ZN7testing4Test5SetupEv
FNDA:0,_ZN7testing8internal18CmpHelperEQFailureIiiEENS_15AssertionResultEPKcS4_RKT_RKT0_
FNDA:752,_ZN7testing8internal11CmpHelperEQIiiEENS_15AssertionResultEPKcS4_RKT_RKT0_
FNDA:744,_ZN7testing8internal8EqHelperILb0EE7CompareIiiEENS_15AssertionResultEPKcS6_RKT_RKT0_
FNDA:8,_ZN7testing8internal8EqHelperILb1EE7CompareIiiEENS_15AssertionResultEPKcS6_RKT_RKT0_PNS0_8EnableIfIXntsrNS0_10is_pointerISA_EE5valueEE4typeE
FNF:11
FNH:3
DA:256,0
DA:288,0
DA:297,0
DA:298,0
DA:302,0
DA:389,0
DA:397,0
DA:474,0
DA:1375,0
DA:1382,0
DA:1387,752
DA:1392,752
DA:1393,752
DA:1397,0
DA:1417,744
DA:1421,744
DA:1448,8
DA:1459,8
LF:18
LH:7
end_of_record
SF:/home/ruslan/Facultad/Algo1 2017/TPI2017/TPIalgo1/salaDeReuniones_TPI/src/lib/googletest-master/googletest/include/gtest/internal/gtest-internal.h
FN:466,_ZN7testing8internal15TestFactoryBaseD0Ev
FN:466,_ZN7testing8internal15TestFactoryBaseD2Ev
FN:473,_ZN7testing8internal15TestFactoryBaseC2Ev
FN:482,_ZN7testing8internal15TestFactoryImplI28elAcaparadorTEST_prueba_TestEC2Ev
FN:482,_ZN7testing8internal15TestFactoryImplI29elAcaparadorTEST_prueba2_TestED0Ev
FN:482,_ZN7testing8internal15TestFactoryImplI28elAcaparadorTEST_prueba_TestED2Ev
FN:482,_ZN7testing8internal15TestFactoryImplI29elAcaparadorTEST_prueba2_TestEC2Ev
FN:482,_ZN7testing8internal15TestFactoryImplI28elAcaparadorTEST_prueba_TestED0Ev
FN:482,_ZN7testing8internal15TestFactoryImplI29elAcaparadorTEST_prueba2_TestED2Ev
FN:484,_ZN7testing8internal15TestFactoryImplI29elAcaparadorTEST_prueba2_TestE10CreateTestEv
FN:484,_ZN7testing8internal15TestFactoryImplI28elAcaparadorTEST_prueba_TestE10CreateTestEv
FN:504,_ZN7testing8internal12CodeLocationD2Ev
FN:505,_ZN7testing8internal12CodeLocationC2ERKSsi
FNDA:0,_ZN7testing8internal15TestFactoryBaseD0Ev
FNDA:0,_ZN7testing8internal15TestFactoryBaseD2Ev
FNDA:0,_ZN7testing8internal15TestFactoryBaseC2Ev
FNDA:8,_ZN7testing8internal15TestFactoryImplI28elAcaparadorTEST_prueba_TestED0Ev
FNDA:8,_ZN7testing8internal15TestFactoryImplI28elAcaparadorTEST_prueba_TestED2Ev
FNDA:8,_ZN7testing8internal15TestFactoryImplI29elAcaparadorTEST_prueba2_TestED0Ev
FNDA:8,_ZN7testing8internal15TestFactoryImplI29elAcaparadorTEST_prueba2_TestED2Ev
FNDA:8,_ZN7testing8internal15TestFactoryImplI29elAcaparadorTEST_prueba2_TestEC2Ev
FNDA:8,_ZN7testing8internal15TestFactoryImplI28elAcaparadorTEST_prueba_TestEC2Ev
FNDA:8,_ZN7testing8internal15TestFactoryImplI28elAcaparadorTEST_prueba_TestE10CreateTestEv
FNDA:8,_ZN7testing8internal15TestFactoryImplI29elAcaparadorTEST_prueba2_TestE10CreateTestEv
FNDA:0,_ZN7testing8internal12CodeLocationD2Ev
FNDA:0,_ZN7testing8internal12CodeLocationC2ERKSsi
FNF:13
FNH:8
DA:466,0
DA:473,0
DA:482,48
DA:484,16
DA:504,0
DA:505,0
DA:506,0
LF:7
LH:2
end_of_record
SF:/home/ruslan/Facultad/Algo1 2017/TPI2017/TPIalgo1/salaDeReuniones_TPI/src/lib/googletest-master/googletest/include/gtest/internal/gtest-port.h
FN:1157,_ZN7testing8internal10scoped_ptrISsED2Ev
FN:1157,_ZN7testing8internal10scoped_ptrISt18basic_stringstreamIcSt11char_traitsIcESaIcEEED2Ev
FN:1160,_ZNK7testing8internal10scoped_ptrISsEptEv
FN:1161,_ZNK7testing8internal10scoped_ptrISsE3getEv
FN:1169,_ZN7testing8internal10scoped_ptrISt18basic_stringstreamIcSt11char_traitsIcESaIcEEE5resetEPS6_
FN:1169,_ZN7testing8internal10scoped_ptrISsE5resetEPSs
FNDA:0,_ZN7testing8internal10scoped_ptrISsED2Ev
FNDA:0,_ZN7testing8internal10scoped_ptrISt18basic_stringstreamIcSt11char_traitsIcESaIcEEED2Ev
FNDA:0,_ZNK7testing8internal10scoped_ptrISsEptEv
FNDA:0,_ZNK7testing8internal10scoped_ptrISsE3getEv
FNDA:0,_ZN7testing8internal10scoped_ptrISt18basic_stringstreamIcSt11char_traitsIcESaIcEEE5resetEPS6_
FNDA:0,_ZN7testing8internal10scoped_ptrISsE5resetEPSs
FNF:6
FNH:0
DA:1157,0
DA:1160,0
DA:1161,0
DA:1169,0
DA:1170,0
DA:1171,0
DA:1172,0
DA:1174,0
DA:1176,0
LF:9
LH:0
end_of_record
SF:/home/ruslan/Facultad/Algo1 2017/TPI2017/TPIalgo1/salaDeReuniones_TPI/src/tests/elAcaparadorTEST.cpp
FN:5,_ZN28elAcaparadorTEST_prueba_TestD0Ev
FN:5,_ZN28elAcaparadorTEST_prueba_TestC2Ev
FN:5,_ZN28elAcaparadorTEST_prueba_TestD2Ev
FN:5,_ZN28elAcaparadorTEST_prueba_Test8TestBodyEv
FN:5,_Z41__static_initialization_and_destruction_0ii
FN:17,_ZN29elAcaparadorTEST_prueba2_TestC2Ev
FN:17,_ZN29elAcaparadorTEST_prueba2_TestD2Ev
FN:17,_ZN29elAcaparadorTEST_prueba2_TestD0Ev
FN:17,_ZN29elAcaparadorTEST_prueba2_Test8TestBodyEv
FN:27,_GLOBAL__sub_I__ZN28elAcaparadorTEST_prueba_Test10test_info_E
FNDA:8,_ZN28elAcaparadorTEST_prueba_TestD0Ev
FNDA:8,_ZN28elAcaparadorTEST_prueba_TestD2Ev
FNDA:8,_ZN28elAcaparadorTEST_prueba_Test8TestBodyEv
FNDA:8,_ZN28elAcaparadorTEST_prueba_TestC2Ev
FNDA:8,_ZN29elAcaparadorTEST_prueba2_TestD0Ev
FNDA:8,_ZN29elAcaparadorTEST_prueba2_TestD2Ev
FNDA:8,_ZN29elAcaparadorTEST_prueba2_Test8TestBodyEv
FNDA:8,_ZN29elAcaparadorTEST_prueba2_TestC2Ev
FNDA:8,_GLOBAL__sub_I__ZN28elAcaparadorTEST_prueba_Test10test_info_E
FNDA:8,_Z41__static_initialization_and_destruction_0ii
FNF:10
FNH:10
DA:5,40
DA:11,8
DA:12,8
DA:13,8
DA:14,8
DA:15,8
DA:17,40
DA:23,8
DA:24,8
DA:25,8
DA:26,8
DA:27,32
LF:12
LH:12
end_of_record
SF:/usr/include/c++/4.8/bits/alloc_traits.h
FN:337,_ZNSt16allocator_traitsISaIiEE9_S_selectIKS0_EENSt9enable_ifIXntsrNS1_15__select_helperIT_EE5valueES6_E4typeERS6_
FN:337,_ZNSt16allocator_traitsISaISt6vectorIiSaIiEEEE9_S_selectIKS3_EENSt9enable_ifIXntsrNS4_15__select_helperIT_EE5valueES9_E4typeERS9_
FN:427,_ZNSt16allocator_traitsISaIiEE37select_on_container_copy_constructionERKS0_
FN:427,_ZNSt16allocator_traitsISaISt6vectorIiSaIiEEEE37select_on_container_copy_constructionERKS3_
FNDA:0,_ZNSt16allocator_traitsISaIiEE9_S_selectIKS0_EENSt9enable_ifIXntsrNS1_15__select_helperIT_EE5valueES6_E4typeERS6_
FNDA:0,_ZNSt16allocator_traitsISaISt6vectorIiSaIiEEEE9_S_selectIKS3_EENSt9enable_ifIXntsrNS4_15__select_helperIT_EE5valueES9_E4typeERS9_
FNDA:0,_ZNSt16allocator_traitsISaIiEE37select_on_container_copy_constructionERKS0_
FNDA:0,_ZNSt16allocator_traitsISaISt6vectorIiSaIiEEEE37select_on_container_copy_constructionERKS3_
FNF:4
FNH:0
DA:337,0
DA:338,0
DA:427,0
DA:428,0
LF:4
LH:0
end_of_record
SF:/usr/include/c++/4.8/bits/allocator.h
FN:113,_ZNSaISt6vectorIiSaIiEEEC2Ev
FN:113,_ZNSaIiEC2Ev
FN:115,_ZNSaISt6vectorIiSaIiEEEC2ERKS2_
FN:115,_ZNSaIiEC2ERKS_
FN:121,_ZNSaIiED2Ev
FN:121,_ZNSaISt6vectorIiSaIiEEED2Ev
FN:133,_ZSteqIcEbRKSaIT_ES3_
FNDA:0,_ZNSaISt6vectorIiSaIiEEEC2Ev
FNDA:0,_ZNSaIiEC2Ev
FNDA:0,_ZNSaIiEC2ERKS_
FNDA:0,_ZNSaISt6vectorIiSaIiEEEC2ERKS2_
FNDA:0,_ZNSaISt6vectorIiSaIiEEED2Ev
FNDA:0,_ZNSaIiED2Ev
FNDA:0,_ZSteqIcEbRKSaIT_ES3_
FNF:7
FNH:0
DA:113,0
DA:115,0
DA:116,0
DA:121,0
DA:133,0
DA:134,0
LF:6
LH:0
end_of_record
SF:/usr/include/c++/4.8/bits/basic_string.h
FN:272,_ZNSs12_Alloc_hiderD2Ev
FN:1721,_ZNSs16_S_construct_auxIPcEES0_T_S1_RKSaIcESt12__false_type
FN:1743,_ZNSs12_S_constructIPcEES0_T_S1_RKSaIcE
FNDA:0,_ZNSs12_Alloc_hiderD2Ev
FNDA:0,_ZNSs16_S_construct_auxIPcEES0_T_S1_RKSaIcESt12__false_type
FNDA:0,_ZNSs12_S_constructIPcEES0_T_S1_RKSaIcE
FNF:3
FNH:0
DA:272,0
DA:1721,0
DA:1725,0
DA:1743,0
DA:1746,0
LF:5
LH:0
end_of_record
SF:/usr/include/c++/4.8/bits/basic_string.tcc
FN:123,_ZNSs12_S_constructIPcEES0_T_S1_RKSaIcESt20forward_iterator_tag
FN:227,_ZNSsC2IPcEET_S1_RKSaIcE
FNDA:0,_ZNSs12_S_constructIPcEES0_T_S1_RKSaIcESt20forward_iterator_tag
FNDA:0,_ZNSsC2IPcEET_S1_RKSaIcE
FNF:2
FNH:0
DA:123,0
DA:128,0
DA:129,0
DA:132,0
DA:133,0
DA:136,0
DA:138,0
DA:140,0
DA:141,=====
DA:143,=====
DA:144,=====
DA:146,0
DA:147,0
DA:227,0
DA:229,0
DA:230,0
LF:16
LH:0
end_of_record
SF:/usr/include/c++/4.8/bits/char_traits.h
FN:242,_ZNSt11char_traitsIcE6assignERcRKc
FN:270,_ZNSt11char_traitsIcE4copyEPcPKcm
FNDA:0,_ZNSt11char_traitsIcE6assignERcRKc
FNDA:0,_ZNSt11char_traitsIcE4copyEPcPKcm
FNF:2
FNH:0
DA:242,0
DA:243,0
DA:270,0
DA:271,0
LF:4
LH:0
end_of_record
SF:/usr/include/c++/4.8/bits/ios_base.h
FN:123,_ZStorSt13_Ios_OpenmodeS_
FNDA:0,_ZStorSt13_Ios_OpenmodeS_
FNF:1
FNH:0
DA:123,0
DA:124,0
LF:2
LH:0
end_of_record
SF:/usr/include/c++/4.8/bits/move.h
FN:47,_ZSt11__addressofISt6vectorIiSaIiEEEPT_RS3_
FN:76,_ZSt7forwardIRKSt6vectorIiSaIiEEEOT_RNSt16remove_referenceIS5_E4typeE
FNDA:0,_ZSt11__addressofISt6vectorIiSaIiEEEPT_RS3_
FNDA:0,_ZSt7forwardIRKSt6vectorIiSaIiEEEOT_RNSt16remove_referenceIS5_E4typeE
FNF:2
FNH:0
DA:47,0
DA:50,0
DA:76,0
DA:77,0
LF:4
LH:0
end_of_record
SF:/usr/include/c++/4.8/bits/stl_algobase.h
FN:277,_ZSt12__niter_baseIN9__gnu_cxx17__normal_iteratorIPKiSt6vectorIiSaIiEEEEENSt11_Niter_baseIT_E13iterator_typeES9_
FN:277,_ZSt12__niter_baseIPiENSt11_Niter_baseIT_E13iterator_typeES2_
FN:277,_ZSt12__niter_baseIPKiENSt11_Niter_baseIT_E13iterator_typeES3_
FN:288,_ZSt12__miter_baseIPKiENSt11_Miter_baseIT_E13iterator_typeES3_
FN:288,_ZSt12__miter_baseIN9__gnu_cxx17__normal_iteratorIPKiSt6vectorIiSaIiEEEEENSt11_Miter_baseIT_E13iterator_typeES9_
FN:368,_ZNSt11__copy_moveILb0ELb1ESt26random_access_iterator_tagE8__copy_mIiEEPT_PKS3_S6_S4_
FN:379,_ZSt13__copy_move_aILb0EPKiPiET1_T0_S4_S3_
FN:424,_ZSt14__copy_move_a2ILb0EN9__gnu_cxx17__normal_iteratorIPKiSt6vectorIiSaIiEEEEPiET1_T0_SA_S9_
FN:424,_ZSt14__copy_move_a2ILb0EPKiPiET1_T0_S4_S3_
FN:450,_ZSt4copyIPKiPiET0_T_S4_S3_
FN:450,_ZSt4copyIN9__gnu_cxx17__normal_iteratorIPKiSt6vectorIiSaIiEEEEPiET0_T_SA_S9_
FNDA:0,_ZSt12__niter_baseIN9__gnu_cxx17__normal_iteratorIPKiSt6vectorIiSaIiEEEEENSt11_Niter_baseIT_E13iterator_typeES9_
FNDA:0,_ZSt12__niter_baseIPiENSt11_Niter_baseIT_E13iterator_typeES2_
FNDA:0,_ZSt12__niter_baseIPKiENSt11_Niter_baseIT_E13iterator_typeES3_
FNDA:0,_ZSt12__miter_baseIN9__gnu_cxx17__normal_iteratorIPKiSt6vectorIiSaIiEEEEENSt11_Miter_baseIT_E13iterator_typeES9_
FNDA:0,_ZSt12__miter_baseIPKiENSt11_Miter_baseIT_E13iterator_typeES3_
FNDA:0,_ZNSt11__copy_moveILb0ELb1ESt26random_access_iterator_tagE8__copy_mIiEEPT_PKS3_S6_S4_
FNDA:0,_ZSt13__copy_move_aILb0EPKiPiET1_T0_S4_S3_
FNDA:0,_ZSt14__copy_move_a2ILb0EN9__gnu_cxx17__normal_iteratorIPKiSt6vectorIiSaIiEEEEPiET1_T0_SA_S9_
FNDA:0,_ZSt14__copy_move_a2ILb0EPKiPiET1_T0_S4_S3_
FNDA:0,_ZSt4copyIN9__gnu_cxx17__normal_iteratorIPKiSt6vectorIiSaIiEEEEPiET0_T_SA_S9_
FNDA:0,_ZSt4copyIPKiPiET0_T_S4_S3_
FNF:11
FNH:0
DA:277,0
DA:278,0
DA:288,0
DA:289,0
DA:368,0
DA:370,0
DA:371,0
DA:372,0
DA:373,0
DA:379,0
DA:387,0
DA:390,0
DA:424,0
DA:428,0
DA:450,0
DA:460,0
LF:16
LH:0
end_of_record
SF:/usr/include/c++/4.8/bits/stl_construct.h
FN:74,_ZSt10_ConstructISt6vectorIiSaIiEEIRKS2_EEvPT_DpOT0_
FN:92,_ZSt8_DestroyISt6vectorIiSaIiEEEvPT_
FN:100,_ZNSt12_Destroy_auxILb0EE9__destroyIPSt6vectorIiSaIiEEEEvT_S6_
FN:112,_ZNSt12_Destroy_auxILb1EE9__destroyIPiEEvT_S3_
FN:122,_ZSt8_DestroyIPSt6vectorIiSaIiEEEvT_S4_
FN:122,_ZSt8_DestroyIPiEvT_S1_
FN:148,_ZSt8_DestroyIPSt6vectorIiSaIiEES2_EvT_S4_RSaIT0_E
FN:148,_ZSt8_DestroyIPiiEvT_S1_RSaIT0_E
FNDA:0,_ZSt10_ConstructISt6vectorIiSaIiEEIRKS2_EEvPT_DpOT0_
FNDA:0,_ZSt8_DestroyISt6vectorIiSaIiEEEvPT_
FNDA:0,_ZNSt12_Destroy_auxILb0EE9__destroyIPSt6vectorIiSaIiEEEEvT_S6_
FNDA:0,_ZNSt12_Destroy_auxILb1EE9__destroyIPiEEvT_S3_
FNDA:0,_ZSt8_DestroyIPSt6vectorIiSaIiEEEvT_S4_
FNDA:0,_ZSt8_DestroyIPiEvT_S1_
FNDA:0,_ZSt8_DestroyIPSt6vectorIiSaIiEES2_EvT_S4_RSaIT0_E
FNDA:0,_ZSt8_DestroyIPiiEvT_S1_RSaIT0_E
FNF:8
FNH:0
DA:74,0
DA:75,0
DA:92,0
DA:93,0
DA:100,0
DA:102,0
DA:103,0
DA:104,0
DA:112,0
DA:122,0
DA:126,0
DA:128,0
DA:148,0
DA:151,0
DA:152,0
LF:15
LH:0
end_of_record
SF:/usr/include/c++/4.8/bits/stl_iterator.h
FN:726,_ZN9__gnu_cxx17__normal_iteratorIPKiSt6vectorIiSaIiEEEC2ERKS2_
FN:726,_ZN9__gnu_cxx17__normal_iteratorIPKSt6vectorIiSaIiEES1_IS3_SaIS3_EEEC2ERKS5_
FN:738,_ZNK9__gnu_cxx17__normal_iteratorIPKSt6vectorIiSaIiEES1_IS3_SaIS3_EEEdeEv
FN:746,_ZN9__gnu_cxx17__normal_iteratorIPKSt6vectorIiSaIiEES1_IS3_SaIS3_EEEppEv
FN:790,_ZNK9__gnu_cxx17__normal_iteratorIPKiSt6vectorIiSaIiEEE4baseEv
FN:790,_ZNK9__gnu_cxx17__normal_iteratorIPKSt6vectorIiSaIiEES1_IS3_SaIS3_EEE4baseEv
FN:823,_ZN9__gnu_cxxneIPKSt6vectorIiSaIiEES1_IS3_SaIS3_EEEEbRKNS_17__normal_iteratorIT_T0_EESD_
FNDA:0,_ZN9__gnu_cxx17__normal_iteratorIPKiSt6vectorIiSaIiEEEC2ERKS2_
FNDA:0,_ZN9__gnu_cxx17__normal_iteratorIPKSt6vectorIiSaIiEES1_IS3_SaIS3_EEEC2ERKS5_
FNDA:0,_ZNK9__gnu_cxx17__normal_iteratorIPKSt6vectorIiSaIiEES1_IS3_SaIS3_EEEdeEv
FNDA:0,_ZN9__gnu_cxx17__normal_iteratorIPKSt6vectorIiSaIiEES1_IS3_SaIS3_EEEppEv
FNDA:0,_ZNK9__gnu_cxx17__normal_iteratorIPKiSt6vectorIiSaIiEEE4baseEv
FNDA:0,_ZNK9__gnu_cxx17__normal_iteratorIPKSt6vectorIiSaIiEES1_IS3_SaIS3_EEE4baseEv
FNDA:0,_ZN9__gnu_cxxneIPKSt6vectorIiSaIiEES1_IS3_SaIS3_EEEEbRKNS_17__normal_iteratorIT_T0_EESD_
FNF:7
FNH:0
DA:726,0
DA:738,0
DA:739,0
DA:746,0
DA:748,0
DA:749,0
DA:790,0
DA:791,0
DA:823,0
DA:825,0
LF:10
LH:0
end_of_record
SF:/usr/include/c++/4.8/bits/stl_iterator_base_funcs.h
FN:90,_ZSt10__distanceIPcENSt15iterator_traitsIT_E15difference_typeES2_S2_St26random_access_iterator_tag
FN:90,_ZSt10__distanceIPKSt6vectorIiSaIiEEENSt15iterator_traitsIT_E15difference_typeES6_S6_St26random_access_iterator_tag
FN:90,_ZSt10__distanceIPKiENSt15iterator_traitsIT_E15difference_typeES3_S3_St26random_access_iterator_tag
FN:114,_ZSt8distanceIPKiENSt15iterator_traitsIT_E15difference_typeES3_S3_
FN:114,_ZSt8distanceIPKSt6vectorIiSaIiEEENSt15iterator_traitsIT_E15difference_typeES6_S6_
FN:114,_ZSt8distanceIPcENSt15iterator_traitsIT_E15difference_typeES2_S2_
FNDA:0,_ZSt10__distanceIPcENSt15iterator_traitsIT_E15difference_typeES2_S2_St26random_access_iterator_tag
FNDA:80,_ZSt10__distanceIPKSt6vectorIiSaIiEEENSt15iterator_traitsIT_E15difference_typeES6_S6_St26random_access_iterator_tag
FNDA:0,_ZSt10__distanceIPKiENSt15iterator_traitsIT_E15difference_typeES3_S3_St26random_access_iterator_tag
FNDA:0,_ZSt8distanceIPcENSt15iterator_traitsIT_E15difference_typeES2_S2_
FNDA:80,_ZSt8distanceIPKSt6vectorIiSaIiEEENSt15iterator_traitsIT_E15difference_typeES6_S6_
FNDA:0,_ZSt8distanceIPKiENSt15iterator_traitsIT_E15difference_typeES3_S3_
FNF:6
FNH:2
DA:90,80
DA:96,80
DA:114,80
DA:118,80
LF:4
LH:4
end_of_record
SF:/usr/include/c++/4.8/bits/stl_iterator_base_types.h
FN:201,_ZSt19__iterator_categoryIPcENSt15iterator_traitsIT_E17iterator_categoryERKS2_
FN:201,_ZSt19__iterator_categoryIPKiENSt15iterator_traitsIT_E17iterator_categoryERKS3_
FN:201,_ZSt19__iterator_categoryIPKSt6vectorIiSaIiEEENSt15iterator_traitsIT_E17iterator_categoryERKS6_
FN:212,_ZNSt10_Iter_baseIN9__gnu_cxx17__normal_iteratorIPKiSt6vectorIiSaIiEEEELb0EE7_S_baseES7_
FN:212,_ZNSt10_Iter_baseIPiLb0EE7_S_baseES0_
FN:212,_ZNSt10_Iter_baseIPKiLb0EE7_S_baseES1_
FN:220,_ZNSt10_Iter_baseIN9__gnu_cxx17__normal_iteratorIPKiSt6vectorIiSaIiEEEELb1EE7_S_baseES7_
FNDA:0,_ZSt19__iterator_categoryIPcENSt15iterator_traitsIT_E17iterator_categoryERKS2_
FNDA:80,_ZSt19__iterator_categoryIPKSt6vectorIiSaIiEEENSt15iterator_traitsIT_E17iterator_categoryERKS6_
FNDA:0,_ZSt19__iterator_categoryIPKiENSt15iterator_traitsIT_E17iterator_categoryERKS3_
FNDA:0,_ZNSt10_Iter_baseIN9__gnu_cxx17__normal_iteratorIPKiSt6vectorIiSaIiEEEELb0EE7_S_baseES7_
FNDA:0,_ZNSt10_Iter_baseIPiLb0EE7_S_baseES0_
FNDA:0,_ZNSt10_Iter_baseIPKiLb0EE7_S_baseES1_
FNDA:0,_ZNSt10_Iter_baseIN9__gnu_cxx17__normal_iteratorIPKiSt6vectorIiSaIiEEEELb1EE7_S_baseES7_
FNF:7
FNH:1
DA:201,80
DA:202,80
DA:212,0
DA:213,0
DA:220,0
DA:221,0
LF:6
LH:2
end_of_record
SF:/usr/include/c++/4.8/bits/stl_uninitialized.h
FN:68,_ZNSt20__uninitialized_copyILb0EE13__uninit_copyIN9__gnu_cxx17__normal_iteratorIPKSt6vectorIiSaIiEES4_IS6_SaIS6_EEEEPS6_EET0_T_SE_SD_
FN:68,_ZNSt20__uninitialized_copyILb0EE13__uninit_copyIPKSt6vectorIiSaIiEEPS4_EET0_T_S9_S8_
FN:91,_ZNSt20__uninitialized_copyILb1EE13__uninit_copyIN9__gnu_cxx17__normal_iteratorIPKiSt6vectorIiSaIiEEEEPiEET0_T_SC_SB_
FN:91,_ZNSt20__uninitialized_copyILb1EE13__uninit_copyIPKiPiEET0_T_S6_S5_
FN:107,_ZSt18uninitialized_copyIPKiPiET0_T_S4_S3_
FN:107,_ZSt18uninitialized_copyIN9__gnu_cxx17__normal_iteratorIPKSt6vectorIiSaIiEES2_IS4_SaIS4_EEEEPS4_ET0_T_SC_SB_
FN:107,_ZSt18uninitialized_copyIN9__gnu_cxx17__normal_iteratorIPKiSt6vectorIiSaIiEEEEPiET0_T_SA_S9_
FN:107,_ZSt18uninitialized_copyIPKSt6vectorIiSaIiEEPS2_ET0_T_S7_S6_
FN:256,_ZSt22__uninitialized_copy_aIN9__gnu_cxx17__normal_iteratorIPKiSt6vectorIiSaIiEEEEPiiET0_T_SA_S9_RSaIT1_E
FN:256,_ZSt22__uninitialized_copy_aIN9__gnu_cxx17__normal_iteratorIPKSt6vectorIiSaIiEES2_IS4_SaIS4_EEEEPS4_S4_ET0_T_SC_SB_RSaIT1_E
FN:256,_ZSt22__uninitialized_copy_aIPKiPiiET0_T_S4_S3_RSaIT1_E
FN:256,_ZSt22__uninitialized_copy_aIPKSt6vectorIiSaIiEEPS2_S2_ET0_T_S7_S6_RSaIT1_E
FNDA:80,_ZNSt20__uninitialized_copyILb0EE13__uninit_copyIPKSt6vectorIiSaIiEEPS4_EET0_T_S9_S8_
FNDA:0,_ZNSt20__uninitialized_copyILb0EE13__uninit_copyIN9__gnu_cxx17__normal_iteratorIPKSt6vectorIiSaIiEES4_IS6_SaIS6_EEEEPS6_EET0_T_SE_SD_
FNDA:0,_ZNSt20__uninitialized_copyILb1EE13__uninit_copyIN9__gnu_cxx17__normal_iteratorIPKiSt6vectorIiSaIiEEEEPiEET0_T_SC_SB_
FNDA:0,_ZNSt20__uninitialized_copyILb1EE13__uninit_copyIPKiPiEET0_T_S6_S5_
FNDA:0,_ZSt18uninitialized_copyIN9__gnu_cxx17__normal_iteratorIPKiSt6vectorIiSaIiEEEEPiET0_T_SA_S9_
FNDA:80,_ZSt18uninitialized_copyIPKSt6vectorIiSaIiEEPS2_ET0_T_S7_S6_
FNDA:0,_ZSt18uninitialized_copyIPKiPiET0_T_S4_S3_
FNDA:0,_ZSt18uninitialized_copyIN9__gnu_cxx17__normal_iteratorIPKSt6vectorIiSaIiEES2_IS4_SaIS4_EEEEPS4_ET0_T_SC_SB_
FNDA:0,_ZSt22__uninitialized_copy_aIN9__gnu_cxx17__normal_iteratorIPKiSt6vectorIiSaIiEEEEPiiET0_T_SA_S9_RSaIT1_E
FNDA:80,_ZSt22__uninitialized_copy_aIPKSt6vectorIiSaIiEEPS2_S2_ET0_T_S7_S6_RSaIT1_E
FNDA:0,_ZSt22__uninitialized_copy_aIPKiPiiET0_T_S4_S3_RSaIT1_E
FNDA:0,_ZSt22__uninitialized_copy_aIN9__gnu_cxx17__normal_iteratorIPKSt6vectorIiSaIiEES2_IS4_SaIS4_EEEEPS4_S4_ET0_T_SC_SB_RSaIT1_E
FNF:12
FNH:3
DA:68,80
DA:71,80
DA:74,288
DA:75,208
DA:76,80
DA:78,=====
DA:80,=====
DA:81,=====
DA:91,0
DA:93,0
DA:107,80
DA:117,80
DA:256,80
DA:258,80
LF:14
LH:9
end_of_record
SF:/usr/include/c++/4.8/bits/stl_vector.h
FN:79,_ZNSt12_Vector_baseISt6vectorIiSaIiEESaIS2_EE12_Vector_implD2Ev
FN:79,_ZNSt12_Vector_baseIiSaIiEE12_Vector_implD2Ev
FN:90,_ZNSt12_Vector_baseIiSaIiEE12_Vector_implC2ERKS0_
FN:90,_ZNSt12_Vector_baseISt6vectorIiSaIiEESaIS2_EE12_Vector_implC2ERKS3_
FN:113,_ZNSt12_Vector_baseISt6vectorIiSaIiEESaIS2_EE19_M_get_Tp_allocatorEv
FN:113,_ZNSt12_Vector_baseIiSaIiEE19_M_get_Tp_allocatorEv
FN:117,_ZNKSt12_Vector_baseIiSaIiEE19_M_get_Tp_allocatorEv
FN:117,_ZNKSt12_Vector_baseISt6vectorIiSaIiEESaIS2_EE19_M_get_Tp_allocatorEv
FN:127,_ZNSt12_Vector_baseIiSaIiEEC2ERKS0_
FN:127,_ZNSt12_Vector_baseISt6vectorIiSaIiEESaIS2_EEC2ERKS3_
FN:134,_ZNSt12_Vector_baseISt6vectorIiSaIiEESaIS2_EEC2EmRKS3_
FN:134,_ZNSt12_Vector_baseIiSaIiEEC2EmRKS0_
FN:159,_ZNSt12_Vector_baseISt6vectorIiSaIiEESaIS2_EED2Ev
FN:159,_ZNSt12_Vector_baseIiSaIiEED2Ev
FN:167,_ZNSt12_Vector_baseISt6vectorIiSaIiEESaIS2_EE11_M_allocateEm
FN:167,_ZNSt12_Vector_baseIiSaIiEE11_M_allocateEm
FN:171,_ZNSt12_Vector_baseISt6vectorIiSaIiEESaIS2_EE13_M_deallocateEPS2_m
FN:171,_ZNSt12_Vector_baseIiSaIiEE13_M_deallocateEPim
FN:179,_ZNSt12_Vector_baseIiSaIiEE17_M_create_storageEm
FN:179,_ZNSt12_Vector_baseISt6vectorIiSaIiEESaIS2_EE17_M_create_storageEm
FN:310,_ZNSt6vectorIS_IiSaIiEESaIS1_EEC2ERKS3_
FN:310,_ZNSt6vectorIiSaIiEEC2ERKS1_
FN:364,_ZNSt6vectorIiSaIiEEC2ESt16initializer_listIiERKS0_
FN:364,_ZNSt6vectorIS_IiSaIiEESaIS1_EEC2ESt16initializer_listIS1_ERKS2_
FN:414,_ZNSt6vectorIS_IiSaIiEESaIS1_EED2Ev
FN:414,_ZNSt6vectorIiSaIiEED2Ev
FN:547,_ZNKSt6vectorIS_IiSaIiEESaIS1_EE5beginEv
FN:547,_ZNKSt6vectorIiSaIiEE5beginEv
FN:565,_ZNKSt6vectorIS_IiSaIiEESaIS1_EE3endEv
FN:565,_ZNKSt6vectorIiSaIiEE3endEv
FN:645,_ZNKSt6vectorIS_IiSaIiEESaIS1_EE4sizeEv
FN:645,_ZNKSt6vectorIiSaIiEE4sizeEv
FN:1197,_ZNSt6vectorIS_IiSaIiEESaIS1_EE19_M_range_initializeIPKS1_EEvT_S7_St20forward_iterator_tag
FN:1197,_ZNSt6vectorIiSaIiEE19_M_range_initializeIPKiEEvT_S5_St20forward_iterator_tag
FNDA:0,_ZNSt12_Vector_baseISt6vectorIiSaIiEESaIS2_EE12_Vector_implD2Ev
FNDA:0,_ZNSt12_Vector_baseIiSaIiEE12_Vector_implD2Ev
FNDA:0,_ZNSt12_Vector_baseISt6vectorIiSaIiEESaIS2_EE12_Vector_implC2ERKS3_
FNDA:0,_ZNSt12_Vector_baseIiSaIiEE12_Vector_implC2ERKS0_
FNDA:0,_ZNSt12_Vector_baseISt6vectorIiSaIiEESaIS2_EE19_M_get_Tp_allocatorEv
FNDA:0,_ZNSt12_Vector_baseIiSaIiEE19_M_get_Tp_allocatorEv
FNDA:0,_ZNKSt12_Vector_baseIiSaIiEE19_M_get_Tp_allocatorEv
FNDA:0,_ZNKSt12_Vector_baseISt6vectorIiSaIiEESaIS2_EE19_M_get_Tp_allocatorEv
FNDA:80,_ZNSt12_Vector_baseISt6vectorIiSaIiEESaIS2_EEC2ERKS3_
FNDA:0,_ZNSt12_Vector_baseIiSaIiEEC2ERKS0_
FNDA:0,_ZNSt12_Vector_baseIiSaIiEEC2EmRKS0_
FNDA:0,_ZNSt12_Vector_baseISt6vectorIiSaIiEESaIS2_EEC2EmRKS3_
FNDA:0,_ZNSt12_Vector_baseISt6vectorIiSaIiEESaIS2_EED2Ev
FNDA:0,_ZNSt12_Vector_baseIiSaIiEED2Ev
FNDA:0,_ZNSt12_Vector_baseISt6vectorIiSaIiEESaIS2_EE11_M_allocateEm
FNDA:0,_ZNSt12_Vector_baseIiSaIiEE11_M_allocateEm
FNDA:0,_ZNSt12_Vector_baseISt6vectorIiSaIiEESaIS2_EE13_M_deallocateEPS2_m
FNDA:0,_ZNSt12_Vector_baseIiSaIiEE13_M_deallocateEPim
FNDA:0,_ZNSt12_Vector_baseIiSaIiEE17_M_create_storageEm
FNDA:0,_ZNSt12_Vector_baseISt6vectorIiSaIiEESaIS2_EE17_M_create_storageEm
FNDA:0,_ZNSt6vectorIiSaIiEEC2ERKS1_
FNDA:0,_ZNSt6vectorIS_IiSaIiEESaIS1_EEC2ERKS3_
FNDA:80,_ZNSt6vectorIS_IiSaIiEESaIS1_EEC2ESt16initializer_listIS1_ERKS2_
FNDA:0,_ZNSt6vectorIiSaIiEEC2ESt16initializer_listIiERKS0_
FNDA:0,_ZNSt6vectorIS_IiSaIiEESaIS1_EED2Ev
FNDA:0,_ZNSt6vectorIiSaIiEED2Ev
FNDA:0,_ZNKSt6vectorIiSaIiEE5beginEv
FNDA:0,_ZNKSt6vectorIS_IiSaIiEESaIS1_EE5beginEv
FNDA:0,_ZNKSt6vectorIiSaIiEE3endEv
FNDA:0,_ZNKSt6vectorIS_IiSaIiEESaIS1_EE3endEv
FNDA:0,_ZNKSt6vectorIiSaIiEE4sizeEv
FNDA:0,_ZNKSt6vectorIS_IiSaIiEESaIS1_EE4sizeEv
FNDA:80,_ZNSt6vectorIS_IiSaIiEESaIS1_EE19_M_range_initializeIPKS1_EEvT_S7_St20forward_iterator_tag
FNDA:0,_ZNSt6vectorIiSaIiEE19_M_range_initializeIPKiEEvT_S5_St20forward_iterator_tag
FNF:34
FNH:3
DA:79,0
DA:90,0
DA:91,0
DA:92,0
DA:113,0
DA:114,0
DA:117,0
DA:118,0
DA:127,80
DA:128,80
DA:134,0
DA:135,0
DA:136,0
DA:159,0
DA:160,0
DA:161,0
DA:167,0
DA:168,0
DA:171,0
DA:173,0
DA:174,0
DA:175,0
DA:179,0
DA:181,0
DA:182,0
DA:183,0
DA:184,0
DA:310,0
DA:312,0
DA:313,0
DA:316,0
DA:317,0
DA:364,80
DA:366,80
DA:368,80
DA:369,160
DA:370,80
DA:414,0
DA:415,0
DA:416,0
DA:547,0
DA:548,0
DA:565,0
DA:566,0
DA:645,0
DA:646,0
DA:1197,80
DA:1200,80
DA:1201,80
DA:1202,80
DA:1203,80
DA:1206,80
DA:1207,80
LF:53
LH:14
end_of_record
SF:/usr/include/c++/4.8/ext/alloc_traits.h
FN:166,_ZN9__gnu_cxx14__alloc_traitsISaIiEE17_S_select_on_copyERKS1_
FN:166,_ZN9__gnu_cxx14__alloc_traitsISaISt6vectorIiSaIiEEEE17_S_select_on_copyERKS4_
FNDA:0,_ZN9__gnu_cxx14__alloc_traitsISaIiEE17_S_select_on_copyERKS1_
FNDA:0,_ZN9__gnu_cxx14__alloc_traitsISaISt6vectorIiSaIiEEEE17_S_select_on_copyERKS4_
FNF:2
FNH:0
DA:166,0
DA:167,0
LF:2
LH:0
end_of_record
SF:/usr/include/c++/4.8/ext/atomicity.h
FN:48,_ZN9__gnu_cxxL18__exchange_and_addEPVii
FN:65,_ZN9__gnu_cxxL25__exchange_and_add_singleEPii
FN:78,_ZN9__gnu_cxxL27__exchange_and_add_dispatchEPii
FNDA:0,_ZN9__gnu_cxxL18__exchange_and_addEPVii
FNDA:0,_ZN9__gnu_cxxL25__exchange_and_add_singleEPii
FNDA:0,_ZN9__gnu_cxxL27__exchange_and_add_dispatchEPii
FNF:3
FNH:0
DA:48,0
DA:49,0
DA:65,0
DA:67,0
DA:68,0
DA:69,0
DA:78,0
DA:81,0
DA:82,0
DA:84,0
LF:10
LH:0
end_of_record
SF:/usr/include/c++/4.8/ext/new_allocator.h
FN:79,_ZN9__gnu_cxx13new_allocatorIcEC2Ev
FN:79,_ZN9__gnu_cxx13new_allocatorISt6vectorIiSaIiEEEC2Ev
FN:79,_ZN9__gnu_cxx13new_allocatorIiEC2Ev
FN:81,_ZN9__gnu_cxx13new_allocatorISt6vectorIiSaIiEEEC2ERKS4_
FN:81,_ZN9__gnu_cxx13new_allocatorIiEC2ERKS1_
FN:81,_ZN9__gnu_cxx13new_allocatorIcEC2ERKS1_
FN:86,_ZN9__gnu_cxx13new_allocatorIiED2Ev
FN:86,_ZN9__gnu_cxx13new_allocatorISt6vectorIiSaIiEEED2Ev
FN:86,_ZN9__gnu_cxx13new_allocatorIcED2Ev
FN:99,_ZN9__gnu_cxx13new_allocatorISt6vectorIiSaIiEEE8allocateEmPKv
FN:99,_ZN9__gnu_cxx13new_allocatorIiE8allocateEmPKv
FN:109,_ZN9__gnu_cxx13new_allocatorISt6vectorIiSaIiEEE10deallocateEPS3_m
FN:109,_ZN9__gnu_cxx13new_allocatorIiE10deallocateEPim
FN:113,_ZNK9__gnu_cxx13new_allocatorIiE8max_sizeEv
FN:113,_ZNK9__gnu_cxx13new_allocatorISt6vectorIiSaIiEEE8max_sizeEv
FNDA:0,_ZN9__gnu_cxx13new_allocatorISt6vectorIiSaIiEEEC2Ev
FNDA:0,_ZN9__gnu_cxx13new_allocatorIiEC2Ev
FNDA:0,_ZN9__gnu_cxx13new_allocatorIcEC2Ev
FNDA:0,_ZN9__gnu_cxx13new_allocatorIiEC2ERKS1_
FNDA:0,_ZN9__gnu_cxx13new_allocatorISt6vectorIiSaIiEEEC2ERKS4_
FNDA:0,_ZN9__gnu_cxx13new_allocatorIcEC2ERKS1_
FNDA:0,_ZN9__gnu_cxx13new_allocatorISt6vectorIiSaIiEEED2Ev
FNDA:0,_ZN9__gnu_cxx13new_allocatorIiED2Ev
FNDA:0,_ZN9__gnu_cxx13new_allocatorIcED2Ev
FNDA:0,_ZN9__gnu_cxx13new_allocatorISt6vectorIiSaIiEEE8allocateEmPKv
FNDA:0,_ZN9__gnu_cxx13new_allocatorIiE8allocateEmPKv
FNDA:0,_ZN9__gnu_cxx13new_allocatorISt6vectorIiSaIiEEE10deallocateEPS3_m
FNDA:0,_ZN9__gnu_cxx13new_allocatorIiE10deallocateEPim
FNDA:0,_ZNK9__gnu_cxx13new_allocatorISt6vectorIiSaIiEEE8max_sizeEv
FNDA:0,_ZNK9__gnu_cxx13new_allocatorIiE8max_sizeEv
FNF:15
FNH:0
DA:79,0
DA:81,0
DA:86,0
DA:99,0
DA:101,0
DA:102,0
DA:104,0
DA:109,0
DA:110,0
DA:113,0
DA:114,0
LF:11
LH:0
end_of_record
SF:/usr/include/c++/4.8/ext/type_traits.h
FN:150,_ZN9__gnu_cxx17__is_null_pointerIcEEbPT_
FNDA:0,_ZN9__gnu_cxx17__is_null_pointerIcEEbPT_
FNF:1
FNH:0
DA:150,0
DA:151,0
LF:2
LH:0
end_of_record
SF:/usr/include/c++/4.8/initializer_list
FN:71,_ZNKSt16initializer_listIiE4sizeEv
FN:71,_ZNKSt16initializer_listISt6vectorIiSaIiEEE4sizeEv
FN:75,_ZNKSt16initializer_listIiE5beginEv
FN:75,_ZNKSt16initializer_listISt6vectorIiSaIiEEE5beginEv
FN:79,_ZNKSt16initializer_listISt6vectorIiSaIiEEE3endEv
FN:79,_ZNKSt16initializer_listIiE3endEv
FNDA:80,_ZNKSt16initializer_listISt6vectorIiSaIiEEE4sizeEv
FNDA:0,_ZNKSt16initializer_listIiE4sizeEv
FNDA:160,_ZNKSt16initializer_listISt6vectorIiSaIiEEE5beginEv
FNDA:0,_ZNKSt16initializer_listIiE5beginEv
FNDA:80,_ZNKSt16initializer_listISt6vectorIiSaIiEEE3endEv
FNDA:0,_ZNKSt16initializer_listIiE3endEv
FNF:6
FNH:3
DA:71,80
DA:75,160
DA:79,80
LF:3
LH:3
end_of_record
SF:/usr/include/c++/4.8/iostream
DA:74,8
LF:1
LH:1
end_of_record
SF:/usr/include/c++/4.8/new
FN:109,_ZnwmPv
FN:115,_ZdlPvS_
FNDA:0,_ZnwmPv
FNDA:0,_ZdlPvS_
FNF:2
FNH:0
DA:109,0
DA:110,0
DA:115,0
LF:3
LH:0
end_of_record
SF:/usr/include/c++/4.8/sstream
FN:64,_ZNSt15basic_stringbufIcSt11char_traitsIcESaIcEED0Ev
FN:64,_ZNSt15basic_stringbufIcSt11char_traitsIcESaIcEED2Ev
FNDA:0,_ZNSt15basic_stringbufIcSt11char_traitsIcESaIcEED0Ev
FNDA:0,_ZNSt15basic_stringbufIcSt11char_traitsIcESaIcEED2Ev
FNF:2
FNH:0
DA:64,0
LF:1
LH:0
end_of_record
SF:/usr/include/x86_64-linux-gnu/c++/4.8/bits/gthr-default.h
FN:247,_ZL18__gthread_active_pv
FNDA:0,_ZL18__gthread_active_pv
FNF:1
FNH:0
DA:247,0
DA:251,0
LF:2
LH:0
end_of_record
TN:
SF:/home/ruslan/Facultad/Algo1 2017/TPI2017/TPIalgo1/salaDeReuniones_TPI/src/lib/googletest-master/googletest/include/gtest/gtest-message.h
FN:85,_ZN7testing7MessageD2Ev
FNDA:200,_ZN7testing7MessageD2Ev
FNF:1
FNH:1
DA:85,200
LF:1
LH:1
end_of_record
SF:/home/ruslan/Facultad/Algo1 2017/TPI2017/TPIalgo1/salaDeReuniones_TPI/src/lib/googletest-master/googletest/include/gtest/gtest-printers.h
FN:275,_ZN7testing8internal19FormatForComparisonIbbE6FormatERKb
FN:349,_ZN7testing8internal33FormatForComparisonFailureMessageIbbEESsRKT_RKT0_
FN:511,_ZN7testing8internal7PrintToEbPSo
FN:714,_ZN7testing8internal16UniversalPrinterIbE5PrintERKbPSo
FN:799,_ZN7testing8internal21UniversalTersePrinterIbE5PrintERKbPSo
FN:868,_ZN7testing8internal14UniversalPrintIbEEvRKT_PSo
FN:996,_ZN7testing13PrintToStringIbEESsRKT_
FNDA:0,_ZN7testing8internal19FormatForComparisonIbbE6FormatERKb
FNDA:0,_ZN7testing8internal33FormatForComparisonFailureMessageIbbEESsRKT_RKT0_
FNDA:0,_ZN7testing8internal7PrintToEbPSo
FNDA:0,_ZN7testing8internal16UniversalPrinterIbE5PrintERKbPSo
FNDA:0,_ZN7testing8internal21UniversalTersePrinterIbE5PrintERKbPSo
FNDA:0,_ZN7testing8internal14UniversalPrintIbEEvRKT_PSo
FNDA:0,_ZN7testing13PrintToStringIbEESsRKT_
FNF:7
FNH:0
DA:275,0
DA:276,0
DA:349,0
DA:351,0
DA:511,0
DA:512,0
DA:513,0
DA:714,0
DA:723,0
DA:724,0
DA:799,0
DA:800,0
DA:801,0
DA:868,0
DA:872,0
DA:873,0
DA:996,0
DA:997,0
DA:998,0
DA:999,0
LF:20
LH:0
end_of_record
SF:/home/ruslan/Facultad/Algo1 2017/TPI2017/TPIalgo1/salaDeReuniones_TPI/src/lib/googletest-master/googletest/include/gtest/gtest.h
FN:256,_ZN7testing15AssertionResultD2Ev
FN:288,_ZNK7testing15AssertionResultcvbEv
FN:297,_ZNK7testing15AssertionResult7messageEv
FN:302,_ZNK7testing15AssertionResult15failure_messageEv
FN:389,_ZN7testing4Test13SetUpTestCaseEv
FN:397,_ZN7testing4Test16TearDownTestCaseEv
FN:474,_ZN7testing4Test5SetupEv
FN:1375,_ZN7testing8internal18CmpHelperEQFailureIbbEENS_15AssertionResultEPKcS4_RKT_RKT0_
FN:1387,_ZN7testing8internal11CmpHelperEQIbbEENS_15AssertionResultEPKcS4_RKT_RKT0_
FN:1417,_ZN7testing8internal8EqHelperILb0EE7CompareIbbEENS_15AssertionResultEPKcS6_RKT_RKT0_
FN:1448,_ZN7testing8internal8EqHelperILb1EE7CompareIbbEENS_15AssertionResultEPKcS6_RKT_RKT0_PNS0_8EnableIfIXntsrNS0_10is_pointerISA_EE5valueEE4typeE
FNDA:244,_ZN7testing15AssertionResultD2Ev
FNDA:244,_ZNK7testing15AssertionResultcvbEv
FNDA:0,_ZNK7testing15AssertionResult7messageEv
FNDA:0,_ZNK7testing15AssertionResult15failure_messageEv
FNDA:22,_ZN7testing4Test13SetUpTestCaseEv
FNDA:22,_ZN7testing4Test16TearDownTestCaseEv
FNDA:0,_ZN7testing4Test5SetupEv
FNDA:0,_ZN7testing8internal18CmpHelperEQFailureIbbEENS_15AssertionResultEPKcS4_RKT_RKT0_
FNDA:14,_ZN7testing8internal11CmpHelperEQIbbEENS_15AssertionResultEPKcS4_RKT_RKT0_
FNDA:10,_ZN7testing8internal8EqHelperILb0EE7CompareIbbEENS_15AssertionResultEPKcS6_RKT_RKT0_
FNDA:4,_ZN7testing8internal8EqHelperILb1EE7CompareIbbEENS_15AssertionResultEPKcS6_RKT_RKT0_PNS0_8EnableIfIXntsrNS0_10is_pointerISA_EE5valueEE4typeE
FNF:11
FNH:7
DA:256,244
DA:288,244
DA:297,0
DA:298,0
DA:302,0
DA:389,22
DA:397,22
DA:474,0
DA:1375,0
DA:1382,0
DA:1387,14
DA:1392,14
DA:1393,14
DA:1397,0
DA:1417,10
DA:1421,10
DA:1448,4
DA:1459,4
LF:18
LH:11
end_of_record
SF:/home/ruslan/Facultad/Algo1 2017/TPI2017/TPIalgo1/salaDeReuniones_TPI/src/lib/googletest-master/googletest/include/gtest/internal/gtest-internal.h
FN:466,_ZN7testing8internal15TestFactoryBaseD2Ev
FN:466,_ZN7testing8internal15TestFactoryBaseD0Ev
FN:473,_ZN7testing8internal15TestFactoryBaseC2Ev
FN:482,_ZN7testing8internal15TestFactoryImplI34grabacionValidaTEST_unaValida_TestEC2Ev
FN:482,_ZN7testing8internal15TestFactoryImplI33grabacionValidaTEST_noValida_TestEC2Ev
FN:482,_ZN7testing8internal15TestFactoryImplI34grabacionValidaTEST_unaValida_TestED0Ev
FN:482,_ZN7testing8internal15TestFactoryImplI37grabacionValidaTEST_otraNoValida_TestEC2Ev
FN:482,_ZN7testing8internal15TestFactoryImplI35grabacionValidaTEST_otraValida_TestED0Ev
FN:482,_ZN7testing8internal15TestFactoryImplI33grabacionValidaTEST_noValida_TestED2Ev
FN:482,_ZN7testing8internal15TestFactoryImplI37grabacionValidaTEST_otraNoValida_TestED0Ev
FN:482,_ZN7testing8internal15TestFactoryImplI35grabacionValidaTEST_otraValida_TestED2Ev
FN:482,_ZN7testing8internal15TestFactoryImplI37grabacionValidaTEST_otraNoValida_TestED2Ev
FN:482,_ZN7testing8internal15TestFactoryImplI35grabacionValidaTEST_otraValida_TestEC2Ev
FN:482,_ZN7testing8internal15TestFactoryImplI33grabacionValidaTEST_noValida_TestED0Ev
FN:482,_ZN7testing8internal15TestFactoryImplI34grabacionValidaTEST_unaValida_TestED2Ev
FN:484,_ZN7testing8internal15TestFactoryImplI34grabacionValidaTEST_unaValida_TestE10CreateTestEv
FN:484,_ZN7testing8internal15TestFactoryImplI37grabacionValidaTEST_otraNoValida_TestE10CreateTestEv
FN:484,_ZN7testing8internal15TestFactoryImplI35grabacionValidaTEST_otraValida_TestE10CreateTestEv
FN:484,_ZN7testing8internal15TestFactoryImplI33grabacionValidaTEST_noValida_TestE10CreateTestEv
FN:504,_ZN7testing8internal12CodeLocationD2Ev
FN:505,_ZN7testing8internal12CodeLocationC2ERKSsi
FNDA:0,_ZN7testing8internal15TestFactoryBaseD0Ev
FNDA:56,_ZN7testing8internal15TestFactoryBaseD2Ev
FNDA:56,_ZN7testing8internal15TestFactoryBaseC2Ev
FNDA:2,_ZN7testing8internal15TestFactoryImplI34grabacionValidaTEST_unaValida_TestED0Ev
FNDA:2,_ZN7testing8internal15TestFactoryImplI34grabacionValidaTEST_unaValida_TestED2Ev
FNDA:2,_ZN7testing8internal15TestFactoryImplI35grabacionValidaTEST_otraValida_TestED0Ev
FNDA:2,_ZN7testing8internal15TestFactoryImplI35grabacionValidaTEST_otraValida_TestED2Ev
FNDA:2,_ZN7testing8internal15TestFactoryImplI33grabacionValidaTEST_noValida_TestED0Ev
FNDA:2,_ZN7testing8internal15TestFactoryImplI33grabacionValidaTEST_noValida_TestED2Ev
FNDA:2,_ZN7testing8internal15TestFactoryImplI37grabacionValidaTEST_otraNoValida_TestED0Ev
FNDA:2,_ZN7testing8internal15TestFactoryImplI37grabacionValidaTEST_otraNoValida_TestED2Ev
FNDA:2,_ZN7testing8internal15TestFactoryImplI37grabacionValidaTEST_otraNoValida_TestEC2Ev
FNDA:2,_ZN7testing8internal15TestFactoryImplI33grabacionValidaTEST_noValida_TestEC2Ev
FNDA:2,_ZN7testing8internal15TestFactoryImplI35grabacionValidaTEST_otraValida_TestEC2Ev
FNDA:2,_ZN7testing8internal15TestFactoryImplI34grabacionValidaTEST_unaValida_TestEC2Ev
FNDA:2,_ZN7testing8internal15TestFactoryImplI34grabacionValidaTEST_unaValida_TestE10CreateTestEv
FNDA:2,_ZN7testing8internal15TestFactoryImplI35grabacionValidaTEST_otraValida_TestE10CreateTestEv
FNDA:2,_ZN7testing8internal15TestFactoryImplI33grabacionValidaTEST_noValida_TestE10CreateTestEv
FNDA:2,_ZN7testing8internal15TestFactoryImplI37grabacionValidaTEST_otraNoValida_TestE10CreateTestEv
FNDA:168,_ZN7testing8internal12CodeLocationD2Ev
FNDA:56,_ZN7testing8internal12CodeLocationC2ERKSsi
FNF:21
FNH:20
DA:466,56
DA:473,56
DA:482,24
DA:484,8
DA:504,168
DA:505,56
DA:506,56
LF:7
LH:7
end_of_record
SF:/home/ruslan/Facultad/Algo1 2017/TPI2017/TPIalgo1/salaDeReuniones_TPI/src/lib/googletest-master/googletest/include/gtest/internal/gtest-port.h
FN:1157,_ZN7testing8internal10scoped_ptrISsED2Ev
FN:1157,_ZN7testing8internal10scoped_ptrISt18basic_stringstreamIcSt11char_traitsIcESaIcEEED2Ev
FN:1160,_ZNK7testing8internal10scoped_ptrISsEptEv
FN:1161,_ZNK7testing8internal10scoped_ptrISsE3getEv
FN:1169,_ZN7testing8internal10scoped_ptrISt18basic_stringstreamIcSt11char_traitsIcESaIcEEE5resetEPS6_
FN:1169,_ZN7testing8internal10scoped_ptrISsE5resetEPSs
FNDA:244,_ZN7testing8internal10scoped_ptrISsED2Ev
FNDA:200,_ZN7testing8internal10scoped_ptrISt18basic_stringstreamIcSt11char_traitsIcESaIcEEED2Ev
FNDA:0,_ZNK7testing8internal10scoped_ptrISsEptEv
FNDA:0,_ZNK7testing8internal10scoped_ptrISsE3getEv
FNDA:200,_ZN7testing8internal10scoped_ptrISt18basic_stringstreamIcSt11char_traitsIcESaIcEEE5resetEPS6_
FNDA:244,_ZN7testing8internal10scoped_ptrISsE5resetEPSs
FNF:6
FNH:4
DA:1157,444
DA:1160,0
DA:1161,0
DA:1169,444
DA:1170,444
DA:1171,200
DA:1172,200
DA:1174,200
DA:1176,444
LF:9
LH:7
end_of_record
SF:/home/ruslan/Facultad/Algo1 2017/TPI2017/TPIalgo1/salaDeReuniones_TPI/src/tests/grabacionValidaTEST.cpp
FN:7,_ZN34grabacionValidaTEST_unaValida_TestD2Ev
FN:7,_ZN34grabacionValidaTEST_unaValida_Test8TestBodyEv
FN:7,_Z41__static_initialization_and_destruction_0ii
FN:7,_ZN34grabacionValidaTEST_unaValida_TestD0Ev
FN:7,_ZN34grabacionValidaTEST_unaValida_TestC2Ev
FN:15,_ZN35grabacionValidaTEST_otraValida_Test8TestBodyEv
FN:15,_ZN35grabacionValidaTEST_otraValida_TestC2Ev
FN:15,_ZN35grabacionValidaTEST_otraValida_TestD0Ev
FN:15,_ZN35grabacionValidaTEST_otraValida_TestD2Ev
FN:22,_ZN33grabacionValidaTEST_noValida_TestD0Ev
FN:22,_ZN33grabacionValidaTEST_noValida_TestC2Ev
FN:22,_ZN33grabacionValidaTEST_noValida_Test8TestBodyEv
FN:22,_ZN33grabacionValidaTEST_noValida_TestD2Ev
FN:30,_ZN37grabacionValidaTEST_otraNoValida_TestD0Ev
FN:30,_ZN37grabacionValidaTEST_otraNoValida_TestC2Ev
FN:30,_ZN37grabacionValidaTEST_otraNoValida_Test8TestBodyEv
FN:30,_ZN37grabacionValidaTEST_otraNoValida_TestD2Ev
FN:35,_GLOBAL__sub_I__ZN34grabacionValidaTEST_unaValida_Test10test_info_E
FNDA:2,_ZN34grabacionValidaTEST_unaValida_TestD0Ev
FNDA:2,_ZN34grabacionValidaTEST_unaValida_TestD2Ev
FNDA:2,_ZN34grabacionValidaTEST_unaValida_Test8TestBodyEv
FNDA:2,_ZN34grabacionValidaTEST_unaValida_TestC2Ev
FNDA:2,_ZN35grabacionValidaTEST_otraValida_TestD0Ev
FNDA:2,_ZN35grabacionValidaTEST_otraValida_TestD2Ev
FNDA:2,_ZN35grabacionValidaTEST_otraValida_Test8TestBodyEv
FNDA:2,_ZN35grabacionValidaTEST_otraValida_TestC2Ev
FNDA:2,_ZN33grabacionValidaTEST_noValida_TestD0Ev
FNDA:2,_ZN33grabacionValidaTEST_noValida_TestD2Ev
FNDA:2,_ZN33grabacionValidaTEST_noValida_Test8TestBodyEv
FNDA:2,_ZN33grabacionValidaTEST_noValida_TestC2Ev
FNDA:2,_ZN37grabacionValidaTEST_otraNoValida_TestD0Ev
FNDA:2,_ZN37grabacionValidaTEST_otraNoValida_TestD2Ev
FNDA:2,_ZN37grabacionValidaTEST_otraNoValida_Test8TestBodyEv
FNDA:2,_ZN37grabacionValidaTEST_otraNoValida_TestC2Ev
FNDA:2,_GLOBAL__sub_I__ZN34grabacionValidaTEST_unaValida_Test10test_info_E
FNDA:2,_Z41__static_initialization_and_destruction_0ii
FNF:18
FNH:18
DA:7,10
DA:8,2
DA:9,2
DA:10,2
DA:12,2
DA:13,2
DA:15,10
DA:16,2
DA:17,2
DA:18,2
DA:19,2
DA:20,2
DA:22,10
DA:23,2
DA:24,2
DA:25,2
DA:27,2
DA:28,2
DA:30,10
DA:31,2
DA:32,2
DA:33,2
DA:34,2
DA:35,8
LF:24
LH:24
end_of_record
SF:/usr/include/c++/4.8/bits/alloc_traits.h
FN:337,_ZNSt16allocator_traitsISaIiEE9_S_selectIKS0_EENSt9enable_ifIXntsrNS1_15__select_helperIT_EE5valueES6_E4typeERS6_
FN:427,_ZNSt16allocator_traitsISaIiEE37select_on_container_copy_constructionERKS0_
FNDA:0,_ZNSt16allocator_traitsISaIiEE9_S_selectIKS0_EENSt9enable_ifIXntsrNS1_15__select_helperIT_EE5valueES6_E4typeERS6_
FNDA:0,_ZNSt16allocator_traitsISaIiEE37select_on_container_copy_constructionERKS0_
FNF:2
FNH:0
DA:337,0
DA:338,0
DA:427,0
DA:428,0
LF:4
LH:0
end_of_record
SF:/usr/include/c++/4.8/bits/allocator.h
FN:113,_ZNSaIiEC2Ev
FN:115,_ZNSaIiEC2ERKS_
FN:121,_ZNSaIiED2Ev
FN:133,_ZSteqIcEbRKSaIT_ES3_
FNDA:0,_ZNSaIiEC2Ev
FNDA:0,_ZNSaIiEC2ERKS_
FNDA:0,_ZNSaIiED2Ev
FNDA:0,_ZSteqIcEbRKSaIT_ES3_
FNF:4
FNH:0
DA:113,0
DA:115,0
DA:116,0
DA:121,0
DA:133,0
DA:134,0
LF:6
LH:0
end_of_record
SF:/usr/include/c++/4.8/bits/basic_string.h
FN:272,_ZNSs12_Alloc_hiderD2Ev
FN:1721,_ZNSs16_S_construct_auxIPcEES0_T_S1_RKSaIcESt12__false_type
FN:1743,_ZNSs12_S_constructIPcEES0_T_S1_RKSaIcE
FNDA:0,_ZNSs12_Alloc_hiderD2Ev
FNDA:0,_ZNSs16_S_construct_auxIPcEES0_T_S1_RKSaIcESt12__false_type
FNDA:0,_ZNSs12_S_constructIPcEES0_T_S1_RKSaIcE
FNF:3
FNH:0
DA:272,0
DA:1721,0
DA:1725,0
DA:1743,0
DA:1746,0
LF:5
LH:0
end_of_record
SF:/usr/include/c++/4.8/bits/basic_string.tcc
FN:123,_ZNSs12_S_constructIPcEES0_T_S1_RKSaIcESt20forward_iterator_tag
FN:227,_ZNSsC2IPcEET_S1_RKSaIcE
FNDA:0,_ZNSs12_S_constructIPcEES0_T_S1_RKSaIcESt20forward_iterator_tag
FNDA:0,_ZNSsC2IPcEET_S1_RKSaIcE
FNF:2
FNH:0
DA:123,0
DA:128,0
DA:129,0
DA:132,0
DA:133,0
DA:136,0
DA:138,0
DA:140,0
DA:141,=====
DA:143,=====
DA:144,=====
DA:146,0
DA:147,0
DA:227,0
DA:229,0
DA:230,0
LF:16
LH:0
end_of_record
SF:/usr/include/c++/4.8/bits/char_traits.h
FN:242,_ZNSt11char_traitsIcE6assignERcRKc
FN:258,_ZNSt11char_traitsIcE6lengthEPKc
FN:270,_ZNSt11char_traitsIcE4copyEPcPKcm
FNDA:0,_ZNSt11char_traitsIcE6assignERcRKc
FNDA:0,_ZNSt11char_traitsIcE6lengthEPKc
FNDA:0,_ZNSt11char_traitsIcE4copyEPcPKcm
FNF:3
FNH:0
DA:242,0
DA:243,0
DA:258,0
DA:259,0
DA:270,0
DA:271,0
LF:6
LH:0
end_of_record
SF:/usr/include/c++/4.8/bits/ios_base.h
FN:123,_ZStorSt13_Ios_OpenmodeS_
FN:163,_ZStorSt12_Ios_IostateS_
FNDA:0,_ZStorSt13_Ios_OpenmodeS_
FNDA:0,_ZStorSt12_Ios_IostateS_
FNF:2
FNH:0
DA:123,0
DA:124,0
DA:163,0
DA:164,0
LF:4
LH:0
end_of_record
SF:/usr/include/c++/4.8/bits/stl_algobase.h
FN:277,_ZSt12__niter_baseIPKiENSt11_Niter_baseIT_E13iterator_typeES3_
FN:277,_ZSt12__niter_baseIN9__gnu_cxx17__normal_iteratorIPKiSt6vectorIiSaIiEEEEENSt11_Niter_baseIT_E13iterator_typeES9_
FN:277,_ZSt12__niter_baseIPiENSt11_Niter_baseIT_E13iterator_typeES2_
FN:288,_ZSt12__miter_baseIN9__gnu_cxx17__normal_iteratorIPKiSt6vectorIiSaIiEEEEENSt11_Miter_baseIT_E13iterator_typeES9_
FN:288,_ZSt12__miter_baseIPKiENSt11_Miter_baseIT_E13iterator_typeES3_
FN:368,_ZNSt11__copy_moveILb0ELb1ESt26random_access_iterator_tagE8__copy_mIiEEPT_PKS3_S6_S4_
FN:379,_ZSt13__copy_move_aILb0EPKiPiET1_T0_S4_S3_
FN:424,_ZSt14__copy_move_a2ILb0EN9__gnu_cxx17__normal_iteratorIPKiSt6vectorIiSaIiEEEEPiET1_T0_SA_S9_
FN:424,_ZSt14__copy_move_a2ILb0EPKiPiET1_T0_S4_S3_
FN:450,_ZSt4copyIPKiPiET0_T_S4_S3_
FN:450,_ZSt4copyIN9__gnu_cxx17__normal_iteratorIPKiSt6vectorIiSaIiEEEEPiET0_T_SA_S9_
FNDA:200,_ZSt12__niter_baseIPKiENSt11_Niter_baseIT_E13iterator_typeES3_
FNDA:0,_ZSt12__niter_baseIPiENSt11_Niter_baseIT_E13iterator_typeES2_
FNDA:0,_ZSt12__niter_baseIN9__gnu_cxx17__normal_iteratorIPKiSt6vectorIiSaIiEEEEENSt11_Niter_baseIT_E13iterator_typeES9_
FNDA:200,_ZSt12__miter_baseIPKiENSt11_Miter_baseIT_E13iterator_typeES3_
FNDA:0,_ZSt12__miter_baseIN9__gnu_cxx17__normal_iteratorIPKiSt6vectorIiSaIiEEEEENSt11_Miter_baseIT_E13iterator_typeES9_
FNDA:0,_ZNSt11__copy_moveILb0ELb1ESt26random_access_iterator_tagE8__copy_mIiEEPT_PKS3_S6_S4_
FNDA:0,_ZSt13__copy_move_aILb0EPKiPiET1_T0_S4_S3_
FNDA:100,_ZSt14__copy_move_a2ILb0EPKiPiET1_T0_S4_S3_
FNDA:0,_ZSt14__copy_move_a2ILb0EN9__gnu_cxx17__normal_iteratorIPKiSt6vectorIiSaIiEEEEPiET1_T0_SA_S9_
FNDA:100,_ZSt4copyIPKiPiET0_T_S4_S3_
FNDA:0,_ZSt4copyIN9__gnu_cxx17__normal_iteratorIPKiSt6vectorIiSaIiEEEEPiET0_T_SA_S9_
FNF:11
FNH:4
DA:277,200
DA:278,200
DA:288,200
DA:289,200
DA:368,0
DA:370,0
DA:371,0
DA:372,0
DA:373,0
DA:379,0
DA:387,0
DA:390,0
DA:424,100
DA:428,100
DA:450,100
DA:460,100
LF:16
LH:8
end_of_record
SF:/usr/include/c++/4.8/bits/stl_construct.h
FN:112,_ZNSt12_Destroy_auxILb1EE9__destroyIPiEEvT_S3_
FN:122,_ZSt8_DestroyIPiEvT_S1_
FN:148,_ZSt8_DestroyIPiiEvT_S1_RSaIT0_E
FNDA:0,_ZNSt12_Destroy_auxILb1EE9__destroyIPiEEvT_S3_
FNDA:0,_ZSt8_DestroyIPiEvT_S1_
FNDA:0,_ZSt8_DestroyIPiiEvT_S1_RSaIT0_E
FNF:3
FNH:0
DA:112,0
DA:122,0
DA:126,0
DA:128,0
DA:148,0
DA:151,0
DA:152,0
LF:7
LH:0
end_of_record
SF:/usr/include/c++/4.8/bits/stl_iterator.h
FN:726,_ZN9__gnu_cxx17__normal_iteratorIPKiSt6vectorIiSaIiEEEC2ERKS2_
FN:790,_ZNK9__gnu_cxx17__normal_iteratorIPKiSt6vectorIiSaIiEEE4baseEv
FNDA:0,_ZN9__gnu_cxx17__normal_iteratorIPKiSt6vectorIiSaIiEEEC2ERKS2_
FNDA:0,_ZNK9__gnu_cxx17__normal_iteratorIPKiSt6vectorIiSaIiEEE4baseEv
FNF:2
FNH:0
DA:726,0
DA:790,0
DA:791,0
LF:3
LH:0
end_of_record
SF:/usr/include/c++/4.8/bits/stl_iterator_base_funcs.h
FN:90,_ZSt10__distanceIPKiENSt15iterator_traitsIT_E15difference_typeES3_S3_St26random_access_iterator_tag
FN:90,_ZSt10__distanceIPcENSt15iterator_traitsIT_E15difference_typeES2_S2_St26random_access_iterator_tag
FN:114,_ZSt8distanceIPcENSt15iterator_traitsIT_E15difference_typeES2_S2_
FN:114,_ZSt8distanceIPKiENSt15iterator_traitsIT_E15difference_typeES3_S3_
FNDA:0,_ZSt10__distanceIPcENSt15iterator_traitsIT_E15difference_typeES2_S2_St26random_access_iterator_tag
FNDA:100,_ZSt10__distanceIPKiENSt15iterator_traitsIT_E15difference_typeES3_S3_St26random_access_iterator_tag
FNDA:0,_ZSt8distanceIPcENSt15iterator_traitsIT_E15difference_typeES2_S2_
FNDA:100,_ZSt8distanceIPKiENSt15iterator_traitsIT_E15difference_typeES3_S3_
FNF:4
FNH:2
DA:90,100
DA:96,100
DA:114,100
DA:118,100
LF:4
LH:4
end_of_record
SF:/usr/include/c++/4.8/bits/stl_iterator_base_types.h
FN:201,_ZSt19__iterator_categoryIPcENSt15iterator_traitsIT_E17iterator_categoryERKS2_
FN:201,_ZSt19__iterator_categoryIPKiENSt15iterator_traitsIT_E17iterator_categoryERKS3_
FN:212,_ZNSt10_Iter_baseIN9__gnu_cxx17__normal_iteratorIPKiSt6vectorIiSaIiEEEELb0EE7_S_baseES7_
FN:212,_ZNSt10_Iter_baseIPiLb0EE7_S_baseES0_
FN:212,_ZNSt10_Iter_baseIPKiLb0EE7_S_baseES1_
FN:220,_ZNSt10_Iter_baseIN9__gnu_cxx17__normal_iteratorIPKiSt6vectorIiSaIiEEEELb1EE7_S_baseES7_
FNDA:0,_ZSt19__iterator_categoryIPcENSt15iterator_traitsIT_E17iterator_categoryERKS2_
FNDA:100,_ZSt19__iterator_categoryIPKiENSt15iterator_traitsIT_E17iterator_categoryERKS3_
FNDA:0,_ZNSt10_Iter_baseIPiLb0EE7_S_baseES0_
FNDA:400,_ZNSt10_Iter_baseIPKiLb0EE7_S_baseES1_
FNDA:0,_ZNSt10_Iter_baseIN9__gnu_cxx17__normal_iteratorIPKiSt6vectorIiSaIiEEEELb0EE7_S_baseES7_
FNDA:0,_ZNSt10_Iter_baseIN9__gnu_cxx17__normal_iteratorIPKiSt6vectorIiSaIiEEEELb1EE7_S_baseES7_
FNF:6
FNH:2
DA:201,100
DA:202,100
DA:212,400
DA:213,400
DA:220,0
DA:221,0
LF:6
LH:4
end_of_record
SF:/usr/include/c++/4.8/bits/stl_uninitialized.h
FN:91,_ZNSt20__uninitialized_copyILb1EE13__uninit_copyIN9__gnu_cxx17__normal_iteratorIPKiSt6vectorIiSaIiEEEEPiEET0_T_SC_SB_
FN:91,_ZNSt20__uninitialized_copyILb1EE13__uninit_copyIPKiPiEET0_T_S6_S5_
FN:107,_ZSt18uninitialized_copyIN9__gnu_cxx17__normal_iteratorIPKiSt6vectorIiSaIiEEEEPiET0_T_SA_S9_
FN:107,_ZSt18uninitialized_copyIPKiPiET0_T_S4_S3_
FN:256,_ZSt22__uninitialized_copy_aIN9__gnu_cxx17__normal_iteratorIPKiSt6vectorIiSaIiEEEEPiiET0_T_SA_S9_RSaIT1_E
FN:256,_ZSt22__uninitialized_copy_aIPKiPiiET0_T_S4_S3_RSaIT1_E
FNDA:100,_ZNSt20__uninitialized_copyILb1EE13__uninit_copyIPKiPiEET0_T_S6_S5_
FNDA:0,_ZNSt20__uninitialized_copyILb1EE13__uninit_copyIN9__gnu_cxx17__normal_iteratorIPKiSt6vectorIiSaIiEEEEPiEET0_T_SC_SB_
FNDA:100,_ZSt18uninitialized_copyIPKiPiET0_T_S4_S3_
FNDA:0,_ZSt18uninitialized_copyIN9__gnu_cxx17__normal_iteratorIPKiSt6vectorIiSaIiEEEEPiET0_T_SA_S9_
FNDA:100,_ZSt22__uninitialized_copy_aIPKiPiiET0_T_S4_S3_RSaIT1_E
FNDA:0,_ZSt22__uninitialized_copy_aIN9__gnu_cxx17__normal_iteratorIPKiSt6vectorIiSaIiEEEEPiiET0_T_SA_S9_RSaIT1_E
FNF:6
FNH:3
DA:91,100
DA:93,100
DA:107,100
DA:117,100
DA:256,100
DA:258,100
LF:6
LH:6
end_of_record
SF:/usr/include/c++/4.8/bits/stl_vector.h
FN:79,_ZNSt12_Vector_baseIiSaIiEE12_Vector_implD2Ev
FN:90,_ZNSt12_Vector_baseIiSaIiEE12_Vector_implC2ERKS0_
FN:113,_ZNSt12_Vector_baseIiSaIiEE19_M_get_Tp_allocatorEv
FN:117,_ZNKSt12_Vector_baseIiSaIiEE19_M_get_Tp_allocatorEv
FN:127,_ZNSt12_Vector_baseIiSaIiEEC2ERKS0_
FN:134,_ZNSt12_Vector_baseIiSaIiEEC2EmRKS0_
FN:159,_ZNSt12_Vector_baseIiSaIiEED2Ev
FN:167,_ZNSt12_Vector_baseIiSaIiEE11_M_allocateEm
FN:171,_ZNSt12_Vector_baseIiSaIiEE13_M_deallocateEPim
FN:179,_ZNSt12_Vector_baseIiSaIiEE17_M_create_storageEm
FN:310,_ZNSt6vectorIiSaIiEEC2ERKS1_
FN:364,_ZNSt6vectorIiSaIiEEC2ESt16initializer_listIiERKS0_
FN:414,_ZNSt6vectorIiSaIiEED2Ev
FN:547,_ZNKSt6vectorIiSaIiEE5beginEv
FN:565,_ZNKSt6vectorIiSaIiEE3endEv
FN:645,_ZNKSt6vectorIiSaIiEE4sizeEv
FN:1197,_ZNSt6vectorIiSaIiEE19_M_range_initializeIPKiEEvT_S5_St20forward_iterator_tag
FNDA:0,_ZNSt12_Vector_baseIiSaIiEE12_Vector_implD2Ev
FNDA:0,_ZNSt12_Vector_baseIiSaIiEE12_Vector_implC2ERKS0_
FNDA:0,_ZNSt12_Vector_baseIiSaIiEE19_M_get_Tp_allocatorEv
FNDA:0,_ZNKSt12_Vector_baseIiSaIiEE19_M_get_Tp_allocatorEv
FNDA:0,_ZNSt12_Vector_baseIiSaIiEEC2ERKS0_
[...]
FN:482,_ZN7testing8internal15TestFactoryImplI52encontrarAparicionTEST_smallEncontrarAparicion2_TestEC2Ev
FN:482,_ZN7testing8internal15TestFactoryImplI52encontrarAparicionTEST_smallEncontrarAparicion2_TestED2Ev
FN:484,_ZN7testing8internal15TestFactoryImplI51encontrarAparicionTEST_smallEncontrarAparicion_TestE10CreateTestEv
FN:484,_ZN7testing8internal15TestFactoryImplI52encontrarAparicionTEST_smallEncontrarAparicion2_TestE10CreateTestEv
FN:484,_ZN7testing8internal15TestFactoryImplI46encontrarAparicionTEST_encontrarAparicion_TestE10CreateTestEv
FN:504,_ZN7testing8internal12CodeLocationD2Ev
FN:505,_ZN7testing8internal12CodeLocationC2ERKSsi
FNDA:0,_ZN7testing8internal15TestFactoryBaseD0Ev
FNDA:0,_ZN7testing8internal15TestFactoryBaseD2Ev
FNDA:0,_ZN7testing8internal15TestFactoryBaseC2Ev
FNDA:2,_ZN7testing8internal15TestFactoryImplI51encontrarAparicionTEST_smallEncontrarAparicion_TestED0Ev
FNDA:2,_ZN7testing8internal15TestFactoryImplI51encontrarAparicionTEST_smallEncontrarAparicion_TestED2Ev
FNDA:2,_ZN7testing8internal15TestFactoryImplI52encontrarAparicionTEST_smallEncontrarAparicion2_TestED0Ev
FNDA:2,_ZN7testing8internal15TestFactoryImplI52encontrarAparicionTEST_smallEncontrarAparicion2_TestED2Ev
FNDA:2,_ZN7testing8internal15TestFactoryImplI46encontrarAparicionTEST_encontrarAparicion_TestED0Ev
FNDA:2,_ZN7testing8internal15TestFactoryImplI46encontrarAparicionTEST_encontrarAparicion_TestED2Ev
FNDA:2,_ZN7testing8internal15TestFactoryImplI46encontrarAparicionTEST_encontrarAparicion_TestEC2Ev
FNDA:2,_ZN7testing8internal15TestFactoryImplI52encontrarAparicionTEST_smallEncontrarAparicion2_TestEC2Ev
FNDA:2,_ZN7testing8internal15TestFactoryImplI51encontrarAparicionTEST_smallEncontrarAparicion_TestEC2Ev
FNDA:2,_ZN7testing8internal15TestFactoryImplI51encontrarAparicionTEST_smallEncontrarAparicion_TestE10CreateTestEv
FNDA:2,_ZN7testing8internal15TestFactoryImplI52encontrarAparicionTEST_smallEncontrarAparicion2_TestE10CreateTestEv
FNDA:2,_ZN7testing8internal15TestFactoryImplI46encontrarAparicionTEST_encontrarAparicion_TestE10CreateTestEv
FNDA:0,_ZN7testing8internal12CodeLocationD2Ev
FNDA:0,_ZN7testing8internal12CodeLocationC2ERKSsi
FNF:17
FNH:12
DA:466,0
DA:473,0
DA:482,18
DA:484,6
DA:504,0
DA:505,0
DA:506,0
LF:7
LH:2
end_of_record
SF:/home/ruslan/Facultad/Algo1 2017/TPI2017/TPIalgo1/salaDeReuniones_TPI/src/lib/googletest-master/googletest/include/gtest/internal/gtest-port.h
FN:1157,_ZN7testing8internal10scoped_ptrISt18basic_stringstreamIcSt11char_traitsIcESaIcEEED2Ev
FN:1157,_ZN7testing8internal10scoped_ptrISsED2Ev
FN:1160,_ZNK7testing8internal10scoped_ptrISsEptEv
FN:1161,_ZNK7testing8internal10scoped_ptrISsE3getEv
FN:1169,_ZN7testing8internal10scoped_ptrISsE5resetEPSs
FN:1169,_ZN7testing8internal10scoped_ptrISt18basic_stringstreamIcSt11char_traitsIcESaIcEEE5resetEPS6_
FNDA:0,_ZN7testing8internal10scoped_ptrISsED2Ev
FNDA:0,_ZN7testing8internal10scoped_ptrISt18basic_stringstreamIcSt11char_traitsIcESaIcEEED2Ev
FNDA:0,_ZNK7testing8internal10scoped_ptrISsEptEv
FNDA:0,_ZNK7testing8internal10scoped_ptrISsE3getEv
FNDA:0,_ZN7testing8internal10scoped_ptrISt18basic_stringstreamIcSt11char_traitsIcESaIcEEE5resetEPS6_
FNDA:0,_ZN7testing8internal10scoped_ptrISsE5resetEPSs
FNF:6
FNH:0
DA:1157,0
DA:1160,0
DA:1161,0
DA:1169,0
DA:1170,0
DA:1171,0
DA:1172,0
DA:1174,0
DA:1176,0
LF:9
LH:0
end_of_record
SF:/home/ruslan/Facultad/Algo1 2017/TPI2017/TPIalgo1/salaDeReuniones_TPI/src/tests/encontrarAparicionTEST.cpp
FN:8,_ZN51encontrarAparicionTEST_smallEncontrarAparicion_Test8TestBodyEv
FN:8,_ZN51encontrarAparicionTEST_smallEncontrarAparicion_TestC2Ev
FN:8,_ZN51encontrarAparicionTEST_smallEncontrarAparicion_TestD0Ev
FN:8,_Z41__static_initialization_and_destruction_0ii
FN:8,_ZN51encontrarAparicionTEST_smallEncontrarAparicion_TestD2Ev
FN:16,_ZN52encontrarAparicionTEST_smallEncontrarAparicion2_Test8TestBodyEv
FN:16,_ZN52encontrarAparicionTEST_smallEncontrarAparicion2_TestC2Ev
FN:16,_ZN52encontrarAparicionTEST_smallEncontrarAparicion2_TestD0Ev
FN:16,_ZN52encontrarAparicionTEST_smallEncontrarAparicion2_TestD2Ev
FN:24,_ZN46encontrarAparicionTEST_encontrarAparicion_TestD2Ev
FN:24,_ZN46encontrarAparicionTEST_encontrarAparicion_TestD0Ev
FN:24,_ZN46encontrarAparicionTEST_encontrarAparicion_Test8TestBodyEv
FN:24,_ZN46encontrarAparicionTEST_encontrarAparicion_TestC2Ev
FN:34,_GLOBAL__sub_I__ZN51encontrarAparicionTEST_smallEncontrarAparicion_Test10test_info_E
FNDA:2,_ZN51encontrarAparicionTEST_smallEncontrarAparicion_TestD0Ev
FNDA:2,_ZN51encontrarAparicionTEST_smallEncontrarAparicion_TestD2Ev
FNDA:2,_ZN51encontrarAparicionTEST_smallEncontrarAparicion_Test8TestBodyEv
FNDA:2,_ZN51encontrarAparicionTEST_smallEncontrarAparicion_TestC2Ev
FNDA:2,_ZN52encontrarAparicionTEST_smallEncontrarAparicion2_TestD0Ev
FNDA:2,_ZN52encontrarAparicionTEST_smallEncontrarAparicion2_TestD2Ev
FNDA:2,_ZN52encontrarAparicionTEST_smallEncontrarAparicion2_Test8TestBodyEv
FNDA:2,_ZN52encontrarAparicionTEST_smallEncontrarAparicion2_TestC2Ev
FNDA:2,_ZN46encontrarAparicionTEST_encontrarAparicion_TestD0Ev
FNDA:2,_ZN46encontrarAparicionTEST_encontrarAparicion_TestD2Ev
FNDA:2,_ZN46encontrarAparicionTEST_encontrarAparicion_Test8TestBodyEv
FNDA:2,_ZN46encontrarAparicionTEST_encontrarAparicion_TestC2Ev
FNDA:2,_GLOBAL__sub_I__ZN51encontrarAparicionTEST_smallEncontrarAparicion_Test10test_info_E
FNDA:2,_Z41__static_initialization_and_destruction_0ii
FNF:14
FNH:14
DA:8,10
DA:9,2
DA:10,4
DA:11,2
DA:12,2
DA:13,4
DA:14,2
DA:16,10
DA:17,2
DA:18,4
DA:19,2
DA:20,2
DA:21,4
DA:22,2
DA:24,10
DA:27,2
DA:28,4
DA:29,2
DA:30,2
DA:31,4
DA:32,2
DA:33,4
DA:34,8
LF:23
LH:23
end_of_record
SF:/usr/include/c++/4.8/bits/alloc_traits.h
FN:337,_ZNSt16allocator_traitsISaIiEE9_S_selectIKS0_EENSt9enable_ifIXntsrNS1_15__select_helperIT_EE5valueES6_E4typeERS6_
FN:427,_ZNSt16allocator_traitsISaIiEE37select_on_container_copy_constructionERKS0_
FNDA:0,_ZNSt16allocator_traitsISaIiEE9_S_selectIKS0_EENSt9enable_ifIXntsrNS1_15__select_helperIT_EE5valueES6_E4typeERS6_
FNDA:0,_ZNSt16allocator_traitsISaIiEE37select_on_container_copy_constructionERKS0_
FNF:2
FNH:0
DA:337,0
DA:338,0
DA:427,0
DA:428,0
LF:4
LH:0
end_of_record
SF:/usr/include/c++/4.8/bits/allocator.h
FN:113,_ZNSaIiEC2Ev
FN:115,_ZNSaIiEC2ERKS_
FN:121,_ZNSaIiED2Ev
FN:133,_ZSteqIcEbRKSaIT_ES3_
FNDA:0,_ZNSaIiEC2Ev
FNDA:0,_ZNSaIiEC2ERKS_
FNDA:0,_ZNSaIiED2Ev
FNDA:0,_ZSteqIcEbRKSaIT_ES3_
FNF:4
FNH:0
DA:113,0
DA:115,0
DA:116,0
DA:121,0
DA:133,0
DA:134,0
LF:6
LH:0
end_of_record
SF:/usr/include/c++/4.8/bits/basic_string.h
FN:272,_ZNSs12_Alloc_hiderD2Ev
FN:1721,_ZNSs16_S_construct_auxIPcEES0_T_S1_RKSaIcESt12__false_type
FN:1743,_ZNSs12_S_constructIPcEES0_T_S1_RKSaIcE
FNDA:0,_ZNSs12_Alloc_hiderD2Ev
FNDA:0,_ZNSs16_S_construct_auxIPcEES0_T_S1_RKSaIcESt12__false_type
FNDA:0,_ZNSs12_S_constructIPcEES0_T_S1_RKSaIcE
FNF:3
FNH:0
DA:272,0
DA:1721,0
DA:1725,0
DA:1743,0
DA:1746,0
LF:5
LH:0
end_of_record
SF:/usr/include/c++/4.8/bits/basic_string.tcc
FN:123,_ZNSs12_S_constructIPcEES0_T_S1_RKSaIcESt20forward_iterator_tag
FN:227,_ZNSsC2IPcEET_S1_RKSaIcE
FNDA:0,_ZNSs12_S_constructIPcEES0_T_S1_RKSaIcESt20forward_iterator_tag
FNDA:0,_ZNSsC2IPcEET_S1_RKSaIcE
FNF:2
FNH:0
DA:123,0
DA:128,0
DA:129,0
DA:132,0
DA:133,0
DA:136,0
DA:138,0
DA:140,0
DA:141,=====
DA:143,=====
DA:144,=====
DA:146,0
DA:147,0
DA:227,0
DA:229,0
DA:230,0
LF:16
LH:0
end_of_record
SF:/usr/include/c++/4.8/bits/char_traits.h
FN:242,_ZNSt11char_traitsIcE6assignERcRKc
FN:270,_ZNSt11char_traitsIcE4copyEPcPKcm
FNDA:0,_ZNSt11char_traitsIcE6assignERcRKc
FNDA:0,_ZNSt11char_traitsIcE4copyEPcPKcm
FNF:2
FNH:0
DA:242,0
DA:243,0
DA:270,0
DA:271,0
LF:4
LH:0
end_of_record
SF:/usr/include/c++/4.8/bits/ios_base.h
FN:123,_ZStorSt13_Ios_OpenmodeS_
FNDA:0,_ZStorSt13_Ios_OpenmodeS_
FNF:1
FNH:0
DA:123,0
DA:124,0
LF:2
LH:0
end_of_record
SF:/usr/include/c++/4.8/bits/stl_algobase.h
FN:277,_ZSt12__niter_baseIN9__gnu_cxx17__normal_iteratorIPKiSt6vectorIiSaIiEEEEENSt11_Niter_baseIT_E13iterator_typeES9_
FN:277,_ZSt12__niter_baseIPiENSt11_Niter_baseIT_E13iterator_typeES2_
FN:277,_ZSt12__niter_baseIPKiENSt11_Niter_baseIT_E13iterator_typeES3_
FN:288,_ZSt12__miter_baseIPKiENSt11_Miter_baseIT_E13iterator_typeES3_
FN:288,_ZSt12__miter_baseIN9__gnu_cxx17__normal_iteratorIPKiSt6vectorIiSaIiEEEEENSt11_Miter_baseIT_E13iterator_typeES9_
FN:368,_ZNSt11__copy_moveILb0ELb1ESt26random_access_iterator_tagE8__copy_mIiEEPT_PKS3_S6_S4_
FN:379,_ZSt13__copy_move_aILb0EPKiPiET1_T0_S4_S3_
FN:424,_ZSt14__copy_move_a2ILb0EN9__gnu_cxx17__normal_iteratorIPKiSt6vectorIiSaIiEEEEPiET1_T0_SA_S9_
FN:424,_ZSt14__copy_move_a2ILb0EPKiPiET1_T0_S4_S3_
FN:450,_ZSt4copyIPKiPiET0_T_S4_S3_
FN:450,_ZSt4copyIN9__gnu_cxx17__normal_iteratorIPKiSt6vectorIiSaIiEEEEPiET0_T_SA_S9_
FNDA:0,_ZSt12__niter_baseIPKiENSt11_Niter_baseIT_E13iterator_typeES3_
FNDA:0,_ZSt12__niter_baseIPiENSt11_Niter_baseIT_E13iterator_typeES2_
FNDA:0,_ZSt12__niter_baseIN9__gnu_cxx17__normal_iteratorIPKiSt6vectorIiSaIiEEEEENSt11_Niter_baseIT_E13iterator_typeES9_
FNDA:0,_ZSt12__miter_baseIPKiENSt11_Miter_baseIT_E13iterator_typeES3_
FNDA:0,_ZSt12__miter_baseIN9__gnu_cxx17__normal_iteratorIPKiSt6vectorIiSaIiEEEEENSt11_Miter_baseIT_E13iterator_typeES9_
FNDA:0,_ZNSt11__copy_moveILb0ELb1ESt26random_access_iterator_tagE8__copy_mIiEEPT_PKS3_S6_S4_
FNDA:0,_ZSt13__copy_move_aILb0EPKiPiET1_T0_S4_S3_
FNDA:0,_ZSt14__copy_move_a2ILb0EPKiPiET1_T0_S4_S3_
FNDA:0,_ZSt14__copy_move_a2ILb0EN9__gnu_cxx17__normal_iteratorIPKiSt6vectorIiSaIiEEEEPiET1_T0_SA_S9_
FNDA:0,_ZSt4copyIPKiPiET0_T_S4_S3_
FNDA:0,_ZSt4copyIN9__gnu_cxx17__normal_iteratorIPKiSt6vectorIiSaIiEEEEPiET0_T_SA_S9_
FNF:11
FNH:0
DA:277,0
DA:278,0
DA:288,0
DA:289,0
DA:368,0
DA:370,0
DA:371,0
DA:372,0
DA:373,0
DA:379,0
DA:387,0
DA:390,0
DA:424,0
DA:428,0
DA:450,0
DA:460,0
LF:16
LH:0
end_of_record
SF:/usr/include/c++/4.8/bits/stl_construct.h
FN:112,_ZNSt12_Destroy_auxILb1EE9__destroyIPiEEvT_S3_
FN:122,_ZSt8_DestroyIPiEvT_S1_
FN:148,_ZSt8_DestroyIPiiEvT_S1_RSaIT0_E
FNDA:0,_ZNSt12_Destroy_auxILb1EE9__destroyIPiEEvT_S3_
FNDA:0,_ZSt8_DestroyIPiEvT_S1_
FNDA:0,_ZSt8_DestroyIPiiEvT_S1_RSaIT0_E
FNF:3
FNH:0
DA:112,0
DA:122,0
DA:126,0
DA:128,0
DA:148,0
DA:151,0
DA:152,0
LF:7
LH:0
end_of_record
SF:/usr/include/c++/4.8/bits/stl_iterator.h
FN:726,_ZN9__gnu_cxx17__normal_iteratorIPKiSt6vectorIiSaIiEEEC2ERKS2_
FN:790,_ZNK9__gnu_cxx17__normal_iteratorIPKiSt6vectorIiSaIiEEE4baseEv
FNDA:0,_ZN9__gnu_cxx17__normal_iteratorIPKiSt6vectorIiSaIiEEEC2ERKS2_
FNDA:0,_ZNK9__gnu_cxx17__normal_iteratorIPKiSt6vectorIiSaIiEEE4baseEv
FNF:2
FNH:0
DA:726,0
DA:790,0
DA:791,0
LF:3
LH:0
end_of_record
SF:/usr/include/c++/4.8/bits/stl_iterator_base_funcs.h
FN:90,_ZSt10__distanceIPKiENSt15iterator_traitsIT_E15difference_typeES3_S3_St26random_access_iterator_tag
FN:90,_ZSt10__distanceIPcENSt15iterator_traitsIT_E15difference_typeES2_S2_St26random_access_iterator_tag
FN:114,_ZSt8distanceIPcENSt15iterator_traitsIT_E15difference_typeES2_S2_
FN:114,_ZSt8distanceIPKiENSt15iterator_traitsIT_E15difference_typeES3_S3_
FNDA:0,_ZSt10__distanceIPcENSt15iterator_traitsIT_E15difference_typeES2_S2_St26random_access_iterator_tag
FNDA:0,_ZSt10__distanceIPKiENSt15iterator_traitsIT_E15difference_typeES3_S3_St26random_access_iterator_tag
FNDA:0,_ZSt8distanceIPcENSt15iterator_traitsIT_E15difference_typeES2_S2_
FNDA:0,_ZSt8distanceIPKiENSt15iterator_traitsIT_E15difference_typeES3_S3_
FNF:4
FNH:0
DA:90,0
DA:96,0
DA:114,0
DA:118,0
LF:4
LH:0
end_of_record
SF:/usr/include/c++/4.8/bits/stl_iterator_base_types.h
FN:201,_ZSt19__iterator_categoryIPKiENSt15iterator_traitsIT_E17iterator_categoryERKS3_
FN:201,_ZSt19__iterator_categoryIPcENSt15iterator_traitsIT_E17iterator_categoryERKS2_
FN:212,_ZNSt10_Iter_baseIN9__gnu_cxx17__normal_iteratorIPKiSt6vectorIiSaIiEEEELb0EE7_S_baseES7_
FN:212,_ZNSt10_Iter_baseIPiLb0EE7_S_baseES0_
FN:212,_ZNSt10_Iter_baseIPKiLb0EE7_S_baseES1_
FN:220,_ZNSt10_Iter_baseIN9__gnu_cxx17__normal_iteratorIPKiSt6vectorIiSaIiEEEELb1EE7_S_baseES7_
FNDA:0,_ZSt19__iterator_categoryIPcENSt15iterator_traitsIT_E17iterator_categoryERKS2_
FNDA:0,_ZSt19__iterator_categoryIPKiENSt15iterator_traitsIT_E17iterator_categoryERKS3_
FNDA:0,_ZNSt10_Iter_baseIPiLb0EE7_S_baseES0_
FNDA:0,_ZNSt10_Iter_baseIPKiLb0EE7_S_baseES1_
FNDA:0,_ZNSt10_Iter_baseIN9__gnu_cxx17__normal_iteratorIPKiSt6vectorIiSaIiEEEELb0EE7_S_baseES7_
FNDA:0,_ZNSt10_Iter_baseIN9__gnu_cxx17__normal_iteratorIPKiSt6vectorIiSaIiEEEELb1EE7_S_baseES7_
FNF:6
FNH:0
DA:201,0
DA:202,0
DA:212,0
DA:213,0
DA:220,0
DA:221,0
LF:6
LH:0
end_of_record
SF:/usr/include/c++/4.8/bits/stl_uninitialized.h
FN:91,_ZNSt20__uninitialized_copyILb1EE13__uninit_copyIPKiPiEET0_T_S6_S5_
FN:91,_ZNSt20__uninitialized_copyILb1EE13__uninit_copyIN9__gnu_cxx17__normal_iteratorIPKiSt6vectorIiSaIiEEEEPiEET0_T_SC_SB_
FN:107,_ZSt18uninitialized_copyIN9__gnu_cxx17__normal_iteratorIPKiSt6vectorIiSaIiEEEEPiET0_T_SA_S9_
FN:107,_ZSt18uninitialized_copyIPKiPiET0_T_S4_S3_
FN:256,_ZSt22__uninitialized_copy_aIN9__gnu_cxx17__normal_iteratorIPKiSt6vectorIiSaIiEEEEPiiET0_T_SA_S9_RSaIT1_E
FN:256,_ZSt22__uninitialized_copy_aIPKiPiiET0_T_S4_S3_RSaIT1_E
FNDA:0,_ZNSt20__uninitialized_copyILb1EE13__uninit_copyIPKiPiEET0_T_S6_S5_
FNDA:0,_ZNSt20__uninitialized_copyILb1EE13__uninit_copyIN9__gnu_cxx17__normal_iteratorIPKiSt6vectorIiSaIiEEEEPiEET0_T_SC_SB_
FNDA:0,_ZSt18uninitialized_copyIPKiPiET0_T_S4_S3_
FNDA:0,_ZSt18uninitialized_copyIN9__gnu_cxx17__normal_iteratorIPKiSt6vectorIiSaIiEEEEPiET0_T_SA_S9_
FNDA:0,_ZSt22__uninitialized_copy_aIPKiPiiET0_T_S4_S3_RSaIT1_E
FNDA:0,_ZSt22__uninitialized_copy_aIN9__gnu_cxx17__normal_iteratorIPKiSt6vectorIiSaIiEEEEPiiET0_T_SA_S9_RSaIT1_E
FNF:6
FNH:0
DA:91,0
DA:93,0
DA:107,0
DA:117,0
DA:256,0
DA:258,0
LF:6
LH:0
end_of_record
SF:/usr/include/c++/4.8/bits/stl_vector.h
FN:79,_ZNSt12_Vector_baseIiSaIiEE12_Vector_implD2Ev
FN:90,_ZNSt12_Vector_baseIiSaIiEE12_Vector_implC2ERKS0_
FN:113,_ZNSt12_Vector_baseIiSaIiEE19_M_get_Tp_allocatorEv
FN:117,_ZNKSt12_Vector_baseIiSaIiEE19_M_get_Tp_allocatorEv
FN:127,_ZNSt12_Vector_baseIiSaIiEEC2ERKS0_
FN:134,_ZNSt12_Vector_baseIiSaIiEEC2EmRKS0_
FN:159,_ZNSt12_Vector_baseIiSaIiEED2Ev
FN:167,_ZNSt12_Vector_baseIiSaIiEE11_M_allocateEm
FN:171,_ZNSt12_Vector_baseIiSaIiEE13_M_deallocateEPim
FN:179,_ZNSt12_Vector_baseIiSaIiEE17_M_create_storageEm
FN:310,_ZNSt6vectorIiSaIiEEC2ERKS1_
FN:364,_ZNSt6vectorIiSaIiEEC2ESt16initializer_listIiERKS0_
FN:414,_ZNSt6vectorIiSaIiEED2Ev
FN:547,_ZNKSt6vectorIiSaIiEE5beginEv
FN:565,_ZNKSt6vectorIiSaIiEE3endEv
FN:645,_ZNKSt6vectorIiSaIiEE4sizeEv
FN:1197,_ZNSt6vectorIiSaIiEE19_M_range_initializeIPKiEEvT_S5_St20forward_iterator_tag
FNDA:0,_ZNSt12_Vector_baseIiSaIiEE12_Vector_implD2Ev
FNDA:0,_ZNSt12_Vector_baseIiSaIiEE12_Vector_implC2ERKS0_
FNDA:0,_ZNSt12_Vector_baseIiSaIiEE19_M_get_Tp_allocatorEv
FNDA:0,_ZNKSt12_Vector_baseIiSaIiEE19_M_get_Tp_allocatorEv
FNDA:0,_ZNSt12_Vector_baseIiSaIiEEC2ERKS0_
FNDA:0,_ZNSt12_Vector_baseIiSaIiEEC2EmRKS0_
FNDA:0,_ZNSt12_Vector_baseIiSaIiEED2Ev
FNDA:0,_ZNSt12_Vector_baseIiSaIiEE11_M_allocateEm
FNDA:0,_ZNSt12_Vector_baseIiSaIiEE13_M_deallocateEPim
FNDA:0,_ZNSt12_Vector_baseIiSaIiEE17_M_create_storageEm
FNDA:0,_ZNSt6vectorIiSaIiEEC2ERKS1_
FNDA:0,_ZNSt6vectorIiSaIiEEC2ESt16initializer_listIiERKS0_
FNDA:0,_ZNSt6vectorIiSaIiEED2Ev
FNDA:0,_ZNKSt6vectorIiSaIiEE5beginEv
FNDA:0,_ZNKSt6vectorIiSaIiEE3endEv
FNDA:0,_ZNKSt6vectorIiSaIiEE4sizeEv
FNDA:0,_ZNSt6vectorIiSaIiEE19_M_range_initializeIPKiEEvT_S5_St20forward_iterator_tag
FNF:17
FNH:0
DA:79,0
DA:90,0
DA:91,0
DA:92,0
DA:113,0
DA:114,0
DA:117,0
DA:118,0
DA:127,0
DA:128,0
DA:134,0
DA:135,0
DA:136,0
DA:159,0
DA:160,0
DA:161,0
DA:167,0
DA:168,0
DA:171,0
DA:173,0
DA:174,0
DA:175,0
DA:179,0
DA:181,0
DA:182,0
DA:183,0
DA:184,0
DA:310,0
DA:312,0
DA:313,0
DA:316,0
DA:317,0
DA:364,0
DA:366,0
DA:368,0
DA:369,0
DA:370,0
DA:414,0
DA:415,0
DA:416,0
DA:547,0
DA:548,0
DA:565,0
DA:566,0
DA:645,0
DA:646,0
DA:1197,0
DA:1200,0
DA:1201,0
DA:1202,0
DA:1203,0
DA:1206,0
DA:1207,0
LF:53
LH:0
end_of_record
SF:/usr/include/c++/4.8/ext/alloc_traits.h
FN:166,_ZN9__gnu_cxx14__alloc_traitsISaIiEE17_S_select_on_copyERKS1_
FNDA:0,_ZN9__gnu_cxx14__alloc_traitsISaIiEE17_S_select_on_copyERKS1_
FNF:1
FNH:0
DA:166,0
DA:167,0
LF:2
LH:0
end_of_record
SF:/usr/include/c++/4.8/ext/atomicity.h
FN:48,_ZN9__gnu_cxxL18__exchange_and_addEPVii
FN:65,_ZN9__gnu_cxxL25__exchange_and_add_singleEPii
FN:78,_ZN9__gnu_cxxL27__exchange_and_add_dispatchEPii
FNDA:0,_ZN9__gnu_cxxL18__exchange_and_addEPVii
FNDA:0,_ZN9__gnu_cxxL25__exchange_and_add_singleEPii
FNDA:0,_ZN9__gnu_cxxL27__exchange_and_add_dispatchEPii
FNF:3
FNH:0
DA:48,0
DA:49,0
DA:65,0
DA:67,0
DA:68,0
DA:69,0
DA:78,0
DA:81,0
DA:82,0
DA:84,0
LF:10
LH:0
end_of_record
SF:/usr/include/c++/4.8/ext/new_allocator.h
FN:79,_ZN9__gnu_cxx13new_allocatorIiEC2Ev
FN:79,_ZN9__gnu_cxx13new_allocatorIcEC2Ev
FN:81,_ZN9__gnu_cxx13new_allocatorIcEC2ERKS1_
FN:81,_ZN9__gnu_cxx13new_allocatorIiEC2ERKS1_
FN:86,_ZN9__gnu_cxx13new_allocatorIcED2Ev
FN:86,_ZN9__gnu_cxx13new_allocatorIiED2Ev
FN:99,_ZN9__gnu_cxx13new_allocatorIiE8allocateEmPKv
FN:109,_ZN9__gnu_cxx13new_allocatorIiE10deallocateEPim
FN:113,_ZNK9__gnu_cxx13new_allocatorIiE8max_sizeEv
FNDA:0,_ZN9__gnu_cxx13new_allocatorIiEC2Ev
FNDA:0,_ZN9__gnu_cxx13new_allocatorIcEC2Ev
FNDA:0,_ZN9__gnu_cxx13new_allocatorIiEC2ERKS1_
FNDA:0,_ZN9__gnu_cxx13new_allocatorIcEC2ERKS1_
FNDA:0,_ZN9__gnu_cxx13new_allocatorIiED2Ev
FNDA:0,_ZN9__gnu_cxx13new_allocatorIcED2Ev
FNDA:0,_ZN9__gnu_cxx13new_allocatorIiE8allocateEmPKv
FNDA:0,_ZN9__gnu_cxx13new_allocatorIiE10deallocateEPim
FNDA:0,_ZNK9__gnu_cxx13new_allocatorIiE8max_sizeEv
FNF:9
FNH:0
DA:79,0
DA:81,0
DA:86,0
DA:99,0
DA:101,0
DA:102,0
DA:104,0
DA:109,0
DA:110,0
DA:113,0
DA:114,0
LF:11
LH:0
end_of_record
SF:/usr/include/c++/4.8/ext/type_traits.h
FN:150,_ZN9__gnu_cxx17__is_null_pointerIcEEbPT_
FNDA:0,_ZN9__gnu_cxx17__is_null_pointerIcEEbPT_
FNF:1
FNH:0
DA:150,0
DA:151,0
LF:2
LH:0
end_of_record
SF:/usr/include/c++/4.8/initializer_list
FN:71,_ZNKSt16initializer_listIiE4sizeEv
FN:75,_ZNKSt16initializer_listIiE5beginEv
FN:79,_ZNKSt16initializer_listIiE3endEv
FNDA:0,_ZNKSt16initializer_listIiE4sizeEv
FNDA:0,_ZNKSt16initializer_listIiE5beginEv
FNDA:0,_ZNKSt16initializer_listIiE3endEv
FNF:3
FNH:0
DA:71,0
DA:75,0
DA:79,0
LF:3
LH:0
end_of_record
SF:/usr/include/c++/4.8/iostream
DA:74,2
LF:1
LH:1
end_of_record
SF:/usr/include/c++/4.8/sstream
FN:64,_ZNSt15basic_stringbufIcSt11char_traitsIcESaIcEED2Ev
FN:64,_ZNSt15basic_stringbufIcSt11char_traitsIcESaIcEED0Ev
FNDA:0,_ZNSt15basic_stringbufIcSt11char_traitsIcESaIcEED0Ev
FNDA:0,_ZNSt15basic_stringbufIcSt11char_traitsIcESaIcEED2Ev
FNF:2
FNH:0
DA:64,0
LF:1
LH:0
end_of_record
SF:/usr/include/x86_64-linux-gnu/c++/4.8/bits/gthr-default.h
FN:247,_ZL18__gthread_active_pv
FNDA:0,_ZL18__gthread_active_pv
FNF:1
FNH:0
DA:247,0
DA:251,0
LF:2
LH:0
end_of_record
TN:
SF:/home/ruslan/Facultad/Algo1 2017/TPI2017/TPIalgo1/salaDeReuniones_TPI/src/lib/googletest-master/googletest/include/gtest/gtest.h
FN:2236,_Z13RUN_ALL_TESTSv
FNDA:8,_Z13RUN_ALL_TESTSv
FNF:1
FNH:1
DA:2236,8
DA:2237,8
LF:2
LH:2
end_of_record
SF:/home/ruslan/Facultad/Algo1 2017/TPI2017/TPIalgo1/salaDeReuniones_TPI/src/main.cpp
FN:4,main
FN:8,_Z41__static_initialization_and_destruction_0ii
FN:8,_GLOBAL__sub_I_main
FNDA:8,main
FNDA:8,_GLOBAL__sub_I_main
FNDA:8,_Z41__static_initialization_and_destruction_0ii
FNF:3
FNH:3
DA:4,8
DA:5,8
DA:6,8
DA:7,8
DA:8,24
LF:5
LH:5
end_of_record
SF:/usr/include/c++/4.8/bits/basic_ios.h
FN:46,_ZSt13__check_facetISt5ctypeIcEERKT_PS3_
FNDA:0,_ZSt13__check_facetISt5ctypeIcEERKT_PS3_
FNF:1
FNH:0
DA:46,0
DA:48,0
DA:49,0
DA:50,0
LF:4
LH:0
end_of_record
SF:/usr/include/c++/4.8/bits/char_traits.h
FN:258,_ZNSt11char_traitsIcE6lengthEPKc
FNDA:0,_ZNSt11char_traitsIcE6lengthEPKc
FNF:1
FNH:0
DA:258,0
DA:259,0
LF:2
LH:0
end_of_record
SF:/usr/include/c++/4.8/bits/ios_base.h
FN:163,_ZStorSt12_Ios_IostateS_
FNDA:0,_ZStorSt12_Ios_IostateS_
FNF:1
FNH:0
DA:163,0
DA:164,0
LF:2
LH:0
end_of_record
SF:/usr/include/c++/4.8/bits/locale_facets.h
FN:865,_ZNKSt5ctypeIcE5widenEc
FNDA:0,_ZNKSt5ctypeIcE5widenEc
FNF:1
FNH:0
DA:865,0
DA:867,0
DA:868,0
DA:869,0
DA:870,0
LF:5
LH:0
end_of_record
SF:/usr/include/c++/4.8/iostream
DA:74,8
LF:1
LH:1
end_of_record
